2022-02-13:09:06:55IST * 0 * information * 0x55fea26a2280 * KIM_LogImplementation.cpp:110 * Log object created.  Default verbosity level is 'information'.
2022-02-13:09:06:55IST * 0 * information * 0x55fea2743340 * KIM_LogImplementation.cpp:110 * Log object created.  Default verbosity level is 'information'.
2022-02-13:09:06:55IST * 1 * information * 0x55fea2743340 * KIM_LogImplementation.cpp:242 * Log object renamed.  ID changed to '0x55fea26a2280_Collections'.
2022-02-13:09:06:55IST * 2 * information * 0x55fea26a2280_Collections * KIM_LogImplementation.cpp:246 * Log object renamed.  ID changed from '0x55fea2743340'.
2022-02-13:09:06:55IST * 1 * warning * 0x55fea26a2280 * KIM_ModelImplementation.cpp:874 * Use of the GetParameterFileName(0, 0x7ffdcdbd6890). function is deprecated. Please use GetParameterFileBasename() instead.
2022-02-13:09:06:55IST * 2 * information * 0x55fea26a2280 * Morse_Shifted.c:759 * Setting units
2022-02-13:09:06:55IST * 3 * information * 0x55fea26a2280 * Morse_Shifted.c:769 * Setting particle indexing to zero-based
2022-02-13:09:06:55IST * 4 * information * 0x55fea26a2280 * Morse_Shifted.c:779 * Registering Model function pointers
2022-02-13:09:06:55IST * 5 * information * 0x55fea26a2280 * Morse_Shifted.c:822 * Setting species code
2022-02-13:09:06:55IST * 6 * information * 0x55fea26a2280 * Morse_Shifted.c:834 * Allocating memory for Model buffer
2022-02-13:09:06:55IST * 7 * information * 0x55fea26a2280 * Morse_Shifted.c:844 * Registering Model buffer
2022-02-13:09:06:55IST * 8 * information * 0x55fea26a2280 * Morse_Shifted.c:849 * Loading Model parameters into buffer
2022-02-13:09:06:55IST * 9 * information * 0x55fea26a2280 * Morse_Shifted.c:872 * Registering influence distance pointer
2022-02-13:09:06:55IST * 10 * information * 0x55fea26a2280 * Morse_Shifted.c:877 * Registering cutoff pointer
2022-02-13:09:06:55IST * 11 * information * 0x55fea26a2280 * Morse_Shifted.c:887 * Registering Model parameters
2022-02-13:09:06:55IST * 12 * error * 0x55fea26a2280 * KIM_SharedLibrary.cpp:348 * SharedLibrary not open.
2022-02-13:09:06:55IST * 3 * information * 0x55fea26a2280_Collections * KIM_LogImplementation.cpp:120 * Log object destroyed.
2022-02-13:09:06:55IST * 13 * information * 0x55fea26a2280 * KIM_LogImplementation.cpp:242 * Log object renamed.  ID changed to '0_Model'.
2022-02-13:09:06:55IST * 14 * information * 0_Model * KIM_LogImplementation.cpp:246 * Log object renamed.  ID changed from '0x55fea26a2280'.
2022-02-13:09:06:55IST * 0 * information * 0x55fea2743340 * KIM_LogImplementation.cpp:110 * Log object created.  Default verbosity level is 'information'.
2022-02-13:09:06:55IST * 1 * information * 0x55fea2743340 * KIM_LogImplementation.cpp:242 * Log object renamed.  ID changed to '0_Model_0x55fea2743340'.
2022-02-13:09:06:55IST * 2 * information * 0_Model_0x55fea2743340 * KIM_LogImplementation.cpp:246 * Log object renamed.  ID changed from '0x55fea2743340'.
2022-02-13:09:06:55IST * 3 * information * 0_Model_0x55fea2743340 * Morse_Shifted.c:1040 * Register call back supportStatus
2022-02-13:09:06:55IST * 4 * information * 0_Model_0x55fea2743340 * KIM_LogImplementation.cpp:242 * Log object renamed.  ID changed to '0_ComputeArguments'.
2022-02-13:09:06:55IST * 5 * information * 0_ComputeArguments * KIM_LogImplementation.cpp:246 * Log object renamed.  ID changed from '0_Model_0x55fea2743340'.
2022-02-13:09:07:54IST * 0 * information * 0_ComputeArguments * KIM_LogImplementation.cpp:120 * Log object destroyed.
2022-02-13:09:07:54IST * 0 * information * 0_Model * Morse_Shifted.c:989 * Deallocating Model buffer
2022-02-13:09:07:54IST * 1 * information * 0_Model * KIM_LogImplementation.cpp:120 * Log object destroyed.
2022-02-13:09:07:54IST * 0 * information * 0x55fea2745900 * KIM_LogImplementation.cpp:110 * Log object created.  Default verbosity level is 'information'.
2022-02-13:09:07:54IST * 0 * information * 0x55fea2746370 * KIM_LogImplementation.cpp:110 * Log object created.  Default verbosity level is 'information'.
2022-02-13:09:07:54IST * 1 * information * 0x55fea2746370 * KIM_LogImplementation.cpp:242 * Log object renamed.  ID changed to '0x55fea2745900_Collections'.
2022-02-13:09:07:54IST * 2 * information * 0x55fea2745900_Collections * KIM_LogImplementation.cpp:246 * Log object renamed.  ID changed from '0x55fea2746370'.
2022-02-13:09:07:54IST * 1 * warning * 0x55fea2745900 * KIM_ModelImplementation.cpp:874 * Use of the GetParameterFileName(0, 0x7ffdcdbd6890). function is deprecated. Please use GetParameterFileBasename() instead.
2022-02-13:09:07:54IST * 2 * information * 0x55fea2745900 * Morse_Shifted.c:759 * Setting units
2022-02-13:09:07:54IST * 3 * information * 0x55fea2745900 * Morse_Shifted.c:769 * Setting particle indexing to zero-based
2022-02-13:09:07:54IST * 4 * information * 0x55fea2745900 * Morse_Shifted.c:779 * Registering Model function pointers
2022-02-13:09:07:54IST * 5 * information * 0x55fea2745900 * Morse_Shifted.c:822 * Setting species code
2022-02-13:09:07:54IST * 6 * information * 0x55fea2745900 * Morse_Shifted.c:834 * Allocating memory for Model buffer
2022-02-13:09:07:54IST * 7 * information * 0x55fea2745900 * Morse_Shifted.c:844 * Registering Model buffer
2022-02-13:09:07:54IST * 8 * information * 0x55fea2745900 * Morse_Shifted.c:849 * Loading Model parameters into buffer
2022-02-13:09:07:54IST * 9 * information * 0x55fea2745900 * Morse_Shifted.c:872 * Registering influence distance pointer
2022-02-13:09:07:54IST * 10 * information * 0x55fea2745900 * Morse_Shifted.c:877 * Registering cutoff pointer
2022-02-13:09:07:54IST * 11 * information * 0x55fea2745900 * Morse_Shifted.c:887 * Registering Model parameters
2022-02-13:09:07:54IST * 12 * error * 0x55fea2745900 * KIM_SharedLibrary.cpp:348 * SharedLibrary not open.
2022-02-13:09:07:54IST * 3 * information * 0x55fea2745900_Collections * KIM_LogImplementation.cpp:120 * Log object destroyed.
2022-02-13:09:07:54IST * 13 * information * 0x55fea2745900 * KIM_LogImplementation.cpp:242 * Log object renamed.  ID changed to '0_Model'.
2022-02-13:09:07:54IST * 14 * information * 0_Model * KIM_LogImplementation.cpp:246 * Log object renamed.  ID changed from '0x55fea2745900'.
2022-02-13:09:07:54IST * 0 * information * 0x55fea2746370 * KIM_LogImplementation.cpp:110 * Log object created.  Default verbosity level is 'information'.
2022-02-13:09:07:54IST * 1 * information * 0x55fea2746370 * KIM_LogImplementation.cpp:242 * Log object renamed.  ID changed to '0_Model_0x55fea2746370'.
2022-02-13:09:07:54IST * 2 * information * 0_Model_0x55fea2746370 * KIM_LogImplementation.cpp:246 * Log object renamed.  ID changed from '0x55fea2746370'.
2022-02-13:09:07:54IST * 3 * information * 0_Model_0x55fea2746370 * Morse_Shifted.c:1040 * Register call back supportStatus
2022-02-13:09:07:54IST * 4 * information * 0_Model_0x55fea2746370 * KIM_LogImplementation.cpp:242 * Log object renamed.  ID changed to '0_ComputeArguments'.
2022-02-13:09:07:54IST * 5 * information * 0_ComputeArguments * KIM_LogImplementation.cpp:246 * Log object renamed.  ID changed from '0_Model_0x55fea2746370'.
2022-02-13:09:08:55IST * 0 * information * 0_ComputeArguments * KIM_LogImplementation.cpp:120 * Log object destroyed.
2022-02-13:09:08:55IST * 0 * information * 0_Model * Morse_Shifted.c:989 * Deallocating Model buffer
2022-02-13:09:08:55IST * 1 * information * 0_Model * KIM_LogImplementation.cpp:120 * Log object destroyed.
2022-02-13:09:08:55IST * 0 * information * 0x55fea2744150 * KIM_LogImplementation.cpp:110 * Log object created.  Default verbosity level is 'information'.
2022-02-13:09:08:55IST * 0 * information * 0x55fea26987e0 * KIM_LogImplementation.cpp:110 * Log object created.  Default verbosity level is 'information'.
2022-02-13:09:08:55IST * 1 * information * 0x55fea26987e0 * KIM_LogImplementation.cpp:242 * Log object renamed.  ID changed to '0x55fea2744150_Collections'.
2022-02-13:09:08:55IST * 2 * information * 0x55fea2744150_Collections * KIM_LogImplementation.cpp:246 * Log object renamed.  ID changed from '0x55fea26987e0'.
2022-02-13:09:08:55IST * 1 * warning * 0x55fea2744150 * KIM_ModelImplementation.cpp:874 * Use of the GetParameterFileName(0, 0x7ffdcdbd6890). function is deprecated. Please use GetParameterFileBasename() instead.
2022-02-13:09:08:55IST * 2 * information * 0x55fea2744150 * Morse_Shifted.c:759 * Setting units
2022-02-13:09:08:55IST * 3 * information * 0x55fea2744150 * Morse_Shifted.c:769 * Setting particle indexing to zero-based
2022-02-13:09:08:55IST * 4 * information * 0x55fea2744150 * Morse_Shifted.c:779 * Registering Model function pointers
2022-02-13:09:08:55IST * 5 * information * 0x55fea2744150 * Morse_Shifted.c:822 * Setting species code
2022-02-13:09:08:55IST * 6 * information * 0x55fea2744150 * Morse_Shifted.c:834 * Allocating memory for Model buffer
2022-02-13:09:08:55IST * 7 * information * 0x55fea2744150 * Morse_Shifted.c:844 * Registering Model buffer
2022-02-13:09:08:55IST * 8 * information * 0x55fea2744150 * Morse_Shifted.c:849 * Loading Model parameters into buffer
2022-02-13:09:08:55IST * 9 * information * 0x55fea2744150 * Morse_Shifted.c:872 * Registering influence distance pointer
2022-02-13:09:08:55IST * 10 * information * 0x55fea2744150 * Morse_Shifted.c:877 * Registering cutoff pointer
2022-02-13:09:08:55IST * 11 * information * 0x55fea2744150 * Morse_Shifted.c:887 * Registering Model parameters
2022-02-13:09:08:55IST * 12 * error * 0x55fea2744150 * KIM_SharedLibrary.cpp:348 * SharedLibrary not open.
2022-02-13:09:08:55IST * 3 * information * 0x55fea2744150_Collections * KIM_LogImplementation.cpp:120 * Log object destroyed.
2022-02-13:09:08:55IST * 13 * information * 0x55fea2744150 * KIM_LogImplementation.cpp:242 * Log object renamed.  ID changed to '0_Model'.
2022-02-13:09:08:55IST * 14 * information * 0_Model * KIM_LogImplementation.cpp:246 * Log object renamed.  ID changed from '0x55fea2744150'.
2022-02-13:09:08:55IST * 0 * information * 0x55fea26987e0 * KIM_LogImplementation.cpp:110 * Log object created.  Default verbosity level is 'information'.
2022-02-13:09:08:55IST * 1 * information * 0x55fea26987e0 * KIM_LogImplementation.cpp:242 * Log object renamed.  ID changed to '0_Model_0x55fea26987e0'.
2022-02-13:09:08:55IST * 2 * information * 0_Model_0x55fea26987e0 * KIM_LogImplementation.cpp:246 * Log object renamed.  ID changed from '0x55fea26987e0'.
2022-02-13:09:08:55IST * 3 * information * 0_Model_0x55fea26987e0 * Morse_Shifted.c:1040 * Register call back supportStatus
2022-02-13:09:08:55IST * 4 * information * 0_Model_0x55fea26987e0 * KIM_LogImplementation.cpp:242 * Log object renamed.  ID changed to '0_ComputeArguments'.
2022-02-13:09:08:55IST * 5 * information * 0_ComputeArguments * KIM_LogImplementation.cpp:246 * Log object renamed.  ID changed from '0_Model_0x55fea26987e0'.
2022-02-13:09:09:57IST * 0 * information * 0_ComputeArguments * KIM_LogImplementation.cpp:120 * Log object destroyed.
2022-02-13:09:09:57IST * 0 * information * 0_Model * Morse_Shifted.c:989 * Deallocating Model buffer
2022-02-13:09:09:57IST * 1 * information * 0_Model * KIM_LogImplementation.cpp:120 * Log object destroyed.
2022-02-13:09:09:57IST * 0 * information * 0x55fea2743340 * KIM_LogImplementation.cpp:110 * Log object created.  Default verbosity level is 'information'.
2022-02-13:09:09:57IST * 0 * information * 0x55fea26977c0 * KIM_LogImplementation.cpp:110 * Log object created.  Default verbosity level is 'information'.
2022-02-13:09:09:57IST * 1 * information * 0x55fea26977c0 * KIM_LogImplementation.cpp:242 * Log object renamed.  ID changed to '0x55fea2743340_Collections'.
2022-02-13:09:09:57IST * 2 * information * 0x55fea2743340_Collections * KIM_LogImplementation.cpp:246 * Log object renamed.  ID changed from '0x55fea26977c0'.
2022-02-13:09:09:57IST * 1 * warning * 0x55fea2743340 * KIM_ModelImplementation.cpp:874 * Use of the GetParameterFileName(0, 0x7ffdcdbd6890). function is deprecated. Please use GetParameterFileBasename() instead.
2022-02-13:09:09:57IST * 2 * information * 0x55fea2743340 * Morse_Shifted.c:759 * Setting units
2022-02-13:09:09:57IST * 3 * information * 0x55fea2743340 * Morse_Shifted.c:769 * Setting particle indexing to zero-based
2022-02-13:09:09:57IST * 4 * information * 0x55fea2743340 * Morse_Shifted.c:779 * Registering Model function pointers
2022-02-13:09:09:57IST * 5 * information * 0x55fea2743340 * Morse_Shifted.c:822 * Setting species code
2022-02-13:09:09:57IST * 6 * information * 0x55fea2743340 * Morse_Shifted.c:834 * Allocating memory for Model buffer
2022-02-13:09:09:57IST * 7 * information * 0x55fea2743340 * Morse_Shifted.c:844 * Registering Model buffer
2022-02-13:09:09:57IST * 8 * information * 0x55fea2743340 * Morse_Shifted.c:849 * Loading Model parameters into buffer
2022-02-13:09:09:57IST * 9 * information * 0x55fea2743340 * Morse_Shifted.c:872 * Registering influence distance pointer
2022-02-13:09:09:57IST * 10 * information * 0x55fea2743340 * Morse_Shifted.c:877 * Registering cutoff pointer
2022-02-13:09:09:57IST * 11 * information * 0x55fea2743340 * Morse_Shifted.c:887 * Registering Model parameters
2022-02-13:09:09:57IST * 12 * error * 0x55fea2743340 * KIM_SharedLibrary.cpp:348 * SharedLibrary not open.
2022-02-13:09:09:57IST * 3 * information * 0x55fea2743340_Collections * KIM_LogImplementation.cpp:120 * Log object destroyed.
2022-02-13:09:09:57IST * 13 * information * 0x55fea2743340 * KIM_LogImplementation.cpp:242 * Log object renamed.  ID changed to '0_Model'.
2022-02-13:09:09:57IST * 14 * information * 0_Model * KIM_LogImplementation.cpp:246 * Log object renamed.  ID changed from '0x55fea2743340'.
2022-02-13:09:09:57IST * 0 * information * 0x55fea26977c0 * KIM_LogImplementation.cpp:110 * Log object created.  Default verbosity level is 'information'.
2022-02-13:09:09:57IST * 1 * information * 0x55fea26977c0 * KIM_LogImplementation.cpp:242 * Log object renamed.  ID changed to '0_Model_0x55fea26977c0'.
2022-02-13:09:09:57IST * 2 * information * 0_Model_0x55fea26977c0 * KIM_LogImplementation.cpp:246 * Log object renamed.  ID changed from '0x55fea26977c0'.
2022-02-13:09:09:57IST * 3 * information * 0_Model_0x55fea26977c0 * Morse_Shifted.c:1040 * Register call back supportStatus
2022-02-13:09:09:57IST * 4 * information * 0_Model_0x55fea26977c0 * KIM_LogImplementation.cpp:242 * Log object renamed.  ID changed to '0_ComputeArguments'.
2022-02-13:09:09:57IST * 5 * information * 0_ComputeArguments * KIM_LogImplementation.cpp:246 * Log object renamed.  ID changed from '0_Model_0x55fea26977c0'.
2022-02-13:09:10:56IST * 0 * information * 0_ComputeArguments * KIM_LogImplementation.cpp:120 * Log object destroyed.
2022-02-13:09:10:56IST * 0 * information * 0_Model * Morse_Shifted.c:989 * Deallocating Model buffer
2022-02-13:09:10:56IST * 1 * information * 0_Model * KIM_LogImplementation.cpp:120 * Log object destroyed.
2022-02-13:09:10:56IST * 0 * information * 0x55fea2746370 * KIM_LogImplementation.cpp:110 * Log object created.  Default verbosity level is 'information'.
2022-02-13:09:10:56IST * 0 * information * 0x55fea2959c00 * KIM_LogImplementation.cpp:110 * Log object created.  Default verbosity level is 'information'.
2022-02-13:09:10:56IST * 1 * information * 0x55fea2959c00 * KIM_LogImplementation.cpp:242 * Log object renamed.  ID changed to '0x55fea2746370_Collections'.
2022-02-13:09:10:56IST * 2 * information * 0x55fea2746370_Collections * KIM_LogImplementation.cpp:246 * Log object renamed.  ID changed from '0x55fea2959c00'.
2022-02-13:09:10:56IST * 1 * warning * 0x55fea2746370 * KIM_ModelImplementation.cpp:874 * Use of the GetParameterFileName(0, 0x7ffdcdbd6890). function is deprecated. Please use GetParameterFileBasename() instead.
2022-02-13:09:10:56IST * 2 * information * 0x55fea2746370 * Morse_Shifted.c:759 * Setting units
2022-02-13:09:10:56IST * 3 * information * 0x55fea2746370 * Morse_Shifted.c:769 * Setting particle indexing to zero-based
2022-02-13:09:10:56IST * 4 * information * 0x55fea2746370 * Morse_Shifted.c:779 * Registering Model function pointers
2022-02-13:09:10:56IST * 5 * information * 0x55fea2746370 * Morse_Shifted.c:822 * Setting species code
2022-02-13:09:10:56IST * 6 * information * 0x55fea2746370 * Morse_Shifted.c:834 * Allocating memory for Model buffer
2022-02-13:09:10:56IST * 7 * information * 0x55fea2746370 * Morse_Shifted.c:844 * Registering Model buffer
2022-02-13:09:10:56IST * 8 * information * 0x55fea2746370 * Morse_Shifted.c:849 * Loading Model parameters into buffer
2022-02-13:09:10:56IST * 9 * information * 0x55fea2746370 * Morse_Shifted.c:872 * Registering influence distance pointer
2022-02-13:09:10:56IST * 10 * information * 0x55fea2746370 * Morse_Shifted.c:877 * Registering cutoff pointer
2022-02-13:09:10:56IST * 11 * information * 0x55fea2746370 * Morse_Shifted.c:887 * Registering Model parameters
2022-02-13:09:10:56IST * 12 * error * 0x55fea2746370 * KIM_SharedLibrary.cpp:348 * SharedLibrary not open.
2022-02-13:09:10:56IST * 3 * information * 0x55fea2746370_Collections * KIM_LogImplementation.cpp:120 * Log object destroyed.
2022-02-13:09:10:56IST * 13 * information * 0x55fea2746370 * KIM_LogImplementation.cpp:242 * Log object renamed.  ID changed to '0_Model'.
2022-02-13:09:10:56IST * 14 * information * 0_Model * KIM_LogImplementation.cpp:246 * Log object renamed.  ID changed from '0x55fea2746370'.
2022-02-13:09:10:56IST * 0 * information * 0x55fea2959c00 * KIM_LogImplementation.cpp:110 * Log object created.  Default verbosity level is 'information'.
2022-02-13:09:10:56IST * 1 * information * 0x55fea2959c00 * KIM_LogImplementation.cpp:242 * Log object renamed.  ID changed to '0_Model_0x55fea2959c00'.
2022-02-13:09:10:56IST * 2 * information * 0_Model_0x55fea2959c00 * KIM_LogImplementation.cpp:246 * Log object renamed.  ID changed from '0x55fea2959c00'.
2022-02-13:09:10:56IST * 3 * information * 0_Model_0x55fea2959c00 * Morse_Shifted.c:1040 * Register call back supportStatus
2022-02-13:09:10:56IST * 4 * information * 0_Model_0x55fea2959c00 * KIM_LogImplementation.cpp:242 * Log object renamed.  ID changed to '0_ComputeArguments'.
2022-02-13:09:10:56IST * 5 * information * 0_ComputeArguments * KIM_LogImplementation.cpp:246 * Log object renamed.  ID changed from '0_Model_0x55fea2959c00'.
2022-02-13:09:11:54IST * 0 * information * 0_ComputeArguments * KIM_LogImplementation.cpp:120 * Log object destroyed.
2022-02-13:09:11:54IST * 0 * information * 0_Model * Morse_Shifted.c:989 * Deallocating Model buffer
2022-02-13:09:11:54IST * 1 * information * 0_Model * KIM_LogImplementation.cpp:120 * Log object destroyed.
2022-02-13:09:11:54IST * 0 * information * 0x55fea26987e0 * KIM_LogImplementation.cpp:110 * Log object created.  Default verbosity level is 'information'.
2022-02-13:09:11:54IST * 0 * information * 0x55fea267aca0 * KIM_LogImplementation.cpp:110 * Log object created.  Default verbosity level is 'information'.
2022-02-13:09:11:54IST * 1 * information * 0x55fea267aca0 * KIM_LogImplementation.cpp:242 * Log object renamed.  ID changed to '0x55fea26987e0_Collections'.
2022-02-13:09:11:54IST * 2 * information * 0x55fea26987e0_Collections * KIM_LogImplementation.cpp:246 * Log object renamed.  ID changed from '0x55fea267aca0'.
2022-02-13:09:11:54IST * 1 * warning * 0x55fea26987e0 * KIM_ModelImplementation.cpp:874 * Use of the GetParameterFileName(0, 0x7ffdcdbd6890). function is deprecated. Please use GetParameterFileBasename() instead.
2022-02-13:09:11:54IST * 2 * information * 0x55fea26987e0 * Morse_Shifted.c:759 * Setting units
2022-02-13:09:11:54IST * 3 * information * 0x55fea26987e0 * Morse_Shifted.c:769 * Setting particle indexing to zero-based
2022-02-13:09:11:54IST * 4 * information * 0x55fea26987e0 * Morse_Shifted.c:779 * Registering Model function pointers
2022-02-13:09:11:54IST * 5 * information * 0x55fea26987e0 * Morse_Shifted.c:822 * Setting species code
2022-02-13:09:11:54IST * 6 * information * 0x55fea26987e0 * Morse_Shifted.c:834 * Allocating memory for Model buffer
2022-02-13:09:11:54IST * 7 * information * 0x55fea26987e0 * Morse_Shifted.c:844 * Registering Model buffer
2022-02-13:09:11:54IST * 8 * information * 0x55fea26987e0 * Morse_Shifted.c:849 * Loading Model parameters into buffer
2022-02-13:09:11:54IST * 9 * information * 0x55fea26987e0 * Morse_Shifted.c:872 * Registering influence distance pointer
2022-02-13:09:11:54IST * 10 * information * 0x55fea26987e0 * Morse_Shifted.c:877 * Registering cutoff pointer
2022-02-13:09:11:54IST * 11 * information * 0x55fea26987e0 * Morse_Shifted.c:887 * Registering Model parameters
2022-02-13:09:11:54IST * 12 * error * 0x55fea26987e0 * KIM_SharedLibrary.cpp:348 * SharedLibrary not open.
2022-02-13:09:11:54IST * 3 * information * 0x55fea26987e0_Collections * KIM_LogImplementation.cpp:120 * Log object destroyed.
2022-02-13:09:11:54IST * 13 * information * 0x55fea26987e0 * KIM_LogImplementation.cpp:242 * Log object renamed.  ID changed to '0_Model'.
2022-02-13:09:11:54IST * 14 * information * 0_Model * KIM_LogImplementation.cpp:246 * Log object renamed.  ID changed from '0x55fea26987e0'.
2022-02-13:09:11:54IST * 0 * information * 0x55fea267aca0 * KIM_LogImplementation.cpp:110 * Log object created.  Default verbosity level is 'information'.
2022-02-13:09:11:54IST * 1 * information * 0x55fea267aca0 * KIM_LogImplementation.cpp:242 * Log object renamed.  ID changed to '0_Model_0x55fea267aca0'.
2022-02-13:09:11:54IST * 2 * information * 0_Model_0x55fea267aca0 * KIM_LogImplementation.cpp:246 * Log object renamed.  ID changed from '0x55fea267aca0'.
2022-02-13:09:11:54IST * 3 * information * 0_Model_0x55fea267aca0 * Morse_Shifted.c:1040 * Register call back supportStatus
2022-02-13:09:11:54IST * 4 * information * 0_Model_0x55fea267aca0 * KIM_LogImplementation.cpp:242 * Log object renamed.  ID changed to '0_ComputeArguments'.
2022-02-13:09:11:54IST * 5 * information * 0_ComputeArguments * KIM_LogImplementation.cpp:246 * Log object renamed.  ID changed from '0_Model_0x55fea267aca0'.
2022-02-13:09:12:50IST * 0 * information * 0_ComputeArguments * KIM_LogImplementation.cpp:120 * Log object destroyed.
2022-02-13:09:12:50IST * 0 * information * 0_Model * Morse_Shifted.c:989 * Deallocating Model buffer
2022-02-13:09:12:50IST * 1 * information * 0_Model * KIM_LogImplementation.cpp:120 * Log object destroyed.
2022-02-13:09:12:50IST * 0 * information * 0x55fea26977c0 * KIM_LogImplementation.cpp:110 * Log object created.  Default verbosity level is 'information'.
2022-02-13:09:12:50IST * 0 * information * 0x55fea26972c0 * KIM_LogImplementation.cpp:110 * Log object created.  Default verbosity level is 'information'.
2022-02-13:09:12:50IST * 1 * information * 0x55fea26972c0 * KIM_LogImplementation.cpp:242 * Log object renamed.  ID changed to '0x55fea26977c0_Collections'.
2022-02-13:09:12:50IST * 2 * information * 0x55fea26977c0_Collections * KIM_LogImplementation.cpp:246 * Log object renamed.  ID changed from '0x55fea26972c0'.
2022-02-13:09:12:50IST * 1 * warning * 0x55fea26977c0 * KIM_ModelImplementation.cpp:874 * Use of the GetParameterFileName(0, 0x7ffdcdbd6890). function is deprecated. Please use GetParameterFileBasename() instead.
2022-02-13:09:12:50IST * 2 * information * 0x55fea26977c0 * Morse_Shifted.c:759 * Setting units
2022-02-13:09:12:50IST * 3 * information * 0x55fea26977c0 * Morse_Shifted.c:769 * Setting particle indexing to zero-based
2022-02-13:09:12:50IST * 4 * information * 0x55fea26977c0 * Morse_Shifted.c:779 * Registering Model function pointers
2022-02-13:09:12:50IST * 5 * information * 0x55fea26977c0 * Morse_Shifted.c:822 * Setting species code
2022-02-13:09:12:50IST * 6 * information * 0x55fea26977c0 * Morse_Shifted.c:834 * Allocating memory for Model buffer
2022-02-13:09:12:50IST * 7 * information * 0x55fea26977c0 * Morse_Shifted.c:844 * Registering Model buffer
2022-02-13:09:12:50IST * 8 * information * 0x55fea26977c0 * Morse_Shifted.c:849 * Loading Model parameters into buffer
2022-02-13:09:12:50IST * 9 * information * 0x55fea26977c0 * Morse_Shifted.c:872 * Registering influence distance pointer
2022-02-13:09:12:50IST * 10 * information * 0x55fea26977c0 * Morse_Shifted.c:877 * Registering cutoff pointer
2022-02-13:09:12:50IST * 11 * information * 0x55fea26977c0 * Morse_Shifted.c:887 * Registering Model parameters
2022-02-13:09:12:50IST * 12 * error * 0x55fea26977c0 * KIM_SharedLibrary.cpp:348 * SharedLibrary not open.
2022-02-13:09:12:50IST * 3 * information * 0x55fea26977c0_Collections * KIM_LogImplementation.cpp:120 * Log object destroyed.
2022-02-13:09:12:50IST * 13 * information * 0x55fea26977c0 * KIM_LogImplementation.cpp:242 * Log object renamed.  ID changed to '0_Model'.
2022-02-13:09:12:50IST * 14 * information * 0_Model * KIM_LogImplementation.cpp:246 * Log object renamed.  ID changed from '0x55fea26977c0'.
2022-02-13:09:12:50IST * 0 * information * 0x55fea26972c0 * KIM_LogImplementation.cpp:110 * Log object created.  Default verbosity level is 'information'.
2022-02-13:09:12:50IST * 1 * information * 0x55fea26972c0 * KIM_LogImplementation.cpp:242 * Log object renamed.  ID changed to '0_Model_0x55fea26972c0'.
2022-02-13:09:12:50IST * 2 * information * 0_Model_0x55fea26972c0 * KIM_LogImplementation.cpp:246 * Log object renamed.  ID changed from '0x55fea26972c0'.
2022-02-13:09:12:50IST * 3 * information * 0_Model_0x55fea26972c0 * Morse_Shifted.c:1040 * Register call back supportStatus
2022-02-13:09:12:50IST * 4 * information * 0_Model_0x55fea26972c0 * KIM_LogImplementation.cpp:242 * Log object renamed.  ID changed to '0_ComputeArguments'.
2022-02-13:09:12:50IST * 5 * information * 0_ComputeArguments * KIM_LogImplementation.cpp:246 * Log object renamed.  ID changed from '0_Model_0x55fea26972c0'.
2022-02-13:09:13:46IST * 0 * information * 0_ComputeArguments * KIM_LogImplementation.cpp:120 * Log object destroyed.
2022-02-13:09:13:46IST * 0 * information * 0_Model * Morse_Shifted.c:989 * Deallocating Model buffer
2022-02-13:09:13:46IST * 1 * information * 0_Model * KIM_LogImplementation.cpp:120 * Log object destroyed.
2022-02-13:09:13:46IST * 0 * information * 0x55fea2959c00 * KIM_LogImplementation.cpp:110 * Log object created.  Default verbosity level is 'information'.
2022-02-13:09:13:46IST * 0 * information * 0x55fea27b63b0 * KIM_LogImplementation.cpp:110 * Log object created.  Default verbosity level is 'information'.
2022-02-13:09:13:46IST * 1 * information * 0x55fea27b63b0 * KIM_LogImplementation.cpp:242 * Log object renamed.  ID changed to '0x55fea2959c00_Collections'.
2022-02-13:09:13:46IST * 2 * information * 0x55fea2959c00_Collections * KIM_LogImplementation.cpp:246 * Log object renamed.  ID changed from '0x55fea27b63b0'.
2022-02-13:09:13:46IST * 1 * warning * 0x55fea2959c00 * KIM_ModelImplementation.cpp:874 * Use of the GetParameterFileName(0, 0x7ffdcdbd6890). function is deprecated. Please use GetParameterFileBasename() instead.
2022-02-13:09:13:46IST * 2 * information * 0x55fea2959c00 * Morse_Shifted.c:759 * Setting units
2022-02-13:09:13:46IST * 3 * information * 0x55fea2959c00 * Morse_Shifted.c:769 * Setting particle indexing to zero-based
2022-02-13:09:13:46IST * 4 * information * 0x55fea2959c00 * Morse_Shifted.c:779 * Registering Model function pointers
2022-02-13:09:13:46IST * 5 * information * 0x55fea2959c00 * Morse_Shifted.c:822 * Setting species code
2022-02-13:09:13:46IST * 6 * information * 0x55fea2959c00 * Morse_Shifted.c:834 * Allocating memory for Model buffer
2022-02-13:09:13:46IST * 7 * information * 0x55fea2959c00 * Morse_Shifted.c:844 * Registering Model buffer
2022-02-13:09:13:46IST * 8 * information * 0x55fea2959c00 * Morse_Shifted.c:849 * Loading Model parameters into buffer
2022-02-13:09:13:46IST * 9 * information * 0x55fea2959c00 * Morse_Shifted.c:872 * Registering influence distance pointer
2022-02-13:09:13:46IST * 10 * information * 0x55fea2959c00 * Morse_Shifted.c:877 * Registering cutoff pointer
2022-02-13:09:13:46IST * 11 * information * 0x55fea2959c00 * Morse_Shifted.c:887 * Registering Model parameters
2022-02-13:09:13:46IST * 12 * error * 0x55fea2959c00 * KIM_SharedLibrary.cpp:348 * SharedLibrary not open.
2022-02-13:09:13:46IST * 3 * information * 0x55fea2959c00_Collections * KIM_LogImplementation.cpp:120 * Log object destroyed.
2022-02-13:09:13:46IST * 13 * information * 0x55fea2959c00 * KIM_LogImplementation.cpp:242 * Log object renamed.  ID changed to '0_Model'.
2022-02-13:09:13:46IST * 14 * information * 0_Model * KIM_LogImplementation.cpp:246 * Log object renamed.  ID changed from '0x55fea2959c00'.
2022-02-13:09:13:46IST * 0 * information * 0x55fea27b63b0 * KIM_LogImplementation.cpp:110 * Log object created.  Default verbosity level is 'information'.
2022-02-13:09:13:46IST * 1 * information * 0x55fea27b63b0 * KIM_LogImplementation.cpp:242 * Log object renamed.  ID changed to '0_Model_0x55fea27b63b0'.
2022-02-13:09:13:46IST * 2 * information * 0_Model_0x55fea27b63b0 * KIM_LogImplementation.cpp:246 * Log object renamed.  ID changed from '0x55fea27b63b0'.
2022-02-13:09:13:46IST * 3 * information * 0_Model_0x55fea27b63b0 * Morse_Shifted.c:1040 * Register call back supportStatus
2022-02-13:09:13:46IST * 4 * information * 0_Model_0x55fea27b63b0 * KIM_LogImplementation.cpp:242 * Log object renamed.  ID changed to '0_ComputeArguments'.
2022-02-13:09:13:46IST * 5 * information * 0_ComputeArguments * KIM_LogImplementation.cpp:246 * Log object renamed.  ID changed from '0_Model_0x55fea27b63b0'.
2022-02-13:09:14:39IST * 0 * information * 0_ComputeArguments * KIM_LogImplementation.cpp:120 * Log object destroyed.
2022-02-13:09:14:39IST * 0 * information * 0_Model * Morse_Shifted.c:989 * Deallocating Model buffer
2022-02-13:09:14:39IST * 1 * information * 0_Model * KIM_LogImplementation.cpp:120 * Log object destroyed.
2022-02-13:09:14:39IST * 0 * information * 0x55fea267aca0 * KIM_LogImplementation.cpp:110 * Log object created.  Default verbosity level is 'information'.
2022-02-13:09:14:39IST * 0 * information * 0x55fea27a8fd0 * KIM_LogImplementation.cpp:110 * Log object created.  Default verbosity level is 'information'.
2022-02-13:09:14:39IST * 1 * information * 0x55fea27a8fd0 * KIM_LogImplementation.cpp:242 * Log object renamed.  ID changed to '0x55fea267aca0_Collections'.
2022-02-13:09:14:39IST * 2 * information * 0x55fea267aca0_Collections * KIM_LogImplementation.cpp:246 * Log object renamed.  ID changed from '0x55fea27a8fd0'.
2022-02-13:09:14:39IST * 1 * warning * 0x55fea267aca0 * KIM_ModelImplementation.cpp:874 * Use of the GetParameterFileName(0, 0x7ffdcdbd6890). function is deprecated. Please use GetParameterFileBasename() instead.
2022-02-13:09:14:39IST * 2 * information * 0x55fea267aca0 * Morse_Shifted.c:759 * Setting units
2022-02-13:09:14:39IST * 3 * information * 0x55fea267aca0 * Morse_Shifted.c:769 * Setting particle indexing to zero-based
2022-02-13:09:14:39IST * 4 * information * 0x55fea267aca0 * Morse_Shifted.c:779 * Registering Model function pointers
2022-02-13:09:14:39IST * 5 * information * 0x55fea267aca0 * Morse_Shifted.c:822 * Setting species code
2022-02-13:09:14:39IST * 6 * information * 0x55fea267aca0 * Morse_Shifted.c:834 * Allocating memory for Model buffer
2022-02-13:09:14:39IST * 7 * information * 0x55fea267aca0 * Morse_Shifted.c:844 * Registering Model buffer
2022-02-13:09:14:39IST * 8 * information * 0x55fea267aca0 * Morse_Shifted.c:849 * Loading Model parameters into buffer
2022-02-13:09:14:39IST * 9 * information * 0x55fea267aca0 * Morse_Shifted.c:872 * Registering influence distance pointer
2022-02-13:09:14:39IST * 10 * information * 0x55fea267aca0 * Morse_Shifted.c:877 * Registering cutoff pointer
2022-02-13:09:14:39IST * 11 * information * 0x55fea267aca0 * Morse_Shifted.c:887 * Registering Model parameters
2022-02-13:09:14:39IST * 12 * error * 0x55fea267aca0 * KIM_SharedLibrary.cpp:348 * SharedLibrary not open.
2022-02-13:09:14:39IST * 3 * information * 0x55fea267aca0_Collections * KIM_LogImplementation.cpp:120 * Log object destroyed.
2022-02-13:09:14:39IST * 13 * information * 0x55fea267aca0 * KIM_LogImplementation.cpp:242 * Log object renamed.  ID changed to '0_Model'.
2022-02-13:09:14:39IST * 14 * information * 0_Model * KIM_LogImplementation.cpp:246 * Log object renamed.  ID changed from '0x55fea267aca0'.
2022-02-13:09:14:39IST * 0 * information * 0x55fea27a8fd0 * KIM_LogImplementation.cpp:110 * Log object created.  Default verbosity level is 'information'.
2022-02-13:09:14:39IST * 1 * information * 0x55fea27a8fd0 * KIM_LogImplementation.cpp:242 * Log object renamed.  ID changed to '0_Model_0x55fea27a8fd0'.
2022-02-13:09:14:39IST * 2 * information * 0_Model_0x55fea27a8fd0 * KIM_LogImplementation.cpp:246 * Log object renamed.  ID changed from '0x55fea27a8fd0'.
2022-02-13:09:14:39IST * 3 * information * 0_Model_0x55fea27a8fd0 * Morse_Shifted.c:1040 * Register call back supportStatus
2022-02-13:09:14:39IST * 4 * information * 0_Model_0x55fea27a8fd0 * KIM_LogImplementation.cpp:242 * Log object renamed.  ID changed to '0_ComputeArguments'.
2022-02-13:09:14:39IST * 5 * information * 0_ComputeArguments * KIM_LogImplementation.cpp:246 * Log object renamed.  ID changed from '0_Model_0x55fea27a8fd0'.
2022-02-13:09:15:23IST * 0 * information * 0_ComputeArguments * KIM_LogImplementation.cpp:120 * Log object destroyed.
2022-02-13:09:15:23IST * 0 * information * 0_Model * Morse_Shifted.c:989 * Deallocating Model buffer
2022-02-13:09:15:23IST * 1 * information * 0_Model * KIM_LogImplementation.cpp:120 * Log object destroyed.
2022-02-13:09:15:23IST * 0 * information * 0x55fea26972c0 * KIM_LogImplementation.cpp:110 * Log object created.  Default verbosity level is 'information'.
2022-02-13:09:15:23IST * 0 * information * 0x55fea2959980 * KIM_LogImplementation.cpp:110 * Log object created.  Default verbosity level is 'information'.
2022-02-13:09:15:23IST * 1 * information * 0x55fea2959980 * KIM_LogImplementation.cpp:242 * Log object renamed.  ID changed to '0x55fea26972c0_Collections'.
2022-02-13:09:15:23IST * 2 * information * 0x55fea26972c0_Collections * KIM_LogImplementation.cpp:246 * Log object renamed.  ID changed from '0x55fea2959980'.
2022-02-13:09:15:23IST * 1 * warning * 0x55fea26972c0 * KIM_ModelImplementation.cpp:874 * Use of the GetParameterFileName(0, 0x7ffdcdbd6890). function is deprecated. Please use GetParameterFileBasename() instead.
2022-02-13:09:15:23IST * 2 * information * 0x55fea26972c0 * Morse_Shifted.c:759 * Setting units
2022-02-13:09:15:23IST * 3 * information * 0x55fea26972c0 * Morse_Shifted.c:769 * Setting particle indexing to zero-based
2022-02-13:09:15:23IST * 4 * information * 0x55fea26972c0 * Morse_Shifted.c:779 * Registering Model function pointers
2022-02-13:09:15:23IST * 5 * information * 0x55fea26972c0 * Morse_Shifted.c:822 * Setting species code
2022-02-13:09:15:23IST * 6 * information * 0x55fea26972c0 * Morse_Shifted.c:834 * Allocating memory for Model buffer
2022-02-13:09:15:23IST * 7 * information * 0x55fea26972c0 * Morse_Shifted.c:844 * Registering Model buffer
2022-02-13:09:15:23IST * 8 * information * 0x55fea26972c0 * Morse_Shifted.c:849 * Loading Model parameters into buffer
2022-02-13:09:15:23IST * 9 * information * 0x55fea26972c0 * Morse_Shifted.c:872 * Registering influence distance pointer
2022-02-13:09:15:23IST * 10 * information * 0x55fea26972c0 * Morse_Shifted.c:877 * Registering cutoff pointer
2022-02-13:09:15:23IST * 11 * information * 0x55fea26972c0 * Morse_Shifted.c:887 * Registering Model parameters
2022-02-13:09:15:23IST * 12 * error * 0x55fea26972c0 * KIM_SharedLibrary.cpp:348 * SharedLibrary not open.
2022-02-13:09:15:23IST * 3 * information * 0x55fea26972c0_Collections * KIM_LogImplementation.cpp:120 * Log object destroyed.
2022-02-13:09:15:23IST * 13 * information * 0x55fea26972c0 * KIM_LogImplementation.cpp:242 * Log object renamed.  ID changed to '0_Model'.
2022-02-13:09:15:23IST * 14 * information * 0_Model * KIM_LogImplementation.cpp:246 * Log object renamed.  ID changed from '0x55fea26972c0'.
2022-02-13:09:15:23IST * 0 * information * 0x55fea2959980 * KIM_LogImplementation.cpp:110 * Log object created.  Default verbosity level is 'information'.
2022-02-13:09:15:23IST * 1 * information * 0x55fea2959980 * KIM_LogImplementation.cpp:242 * Log object renamed.  ID changed to '0_Model_0x55fea2959980'.
2022-02-13:09:15:23IST * 2 * information * 0_Model_0x55fea2959980 * KIM_LogImplementation.cpp:246 * Log object renamed.  ID changed from '0x55fea2959980'.
2022-02-13:09:15:23IST * 3 * information * 0_Model_0x55fea2959980 * Morse_Shifted.c:1040 * Register call back supportStatus
2022-02-13:09:15:23IST * 4 * information * 0_Model_0x55fea2959980 * KIM_LogImplementation.cpp:242 * Log object renamed.  ID changed to '0_ComputeArguments'.
2022-02-13:09:15:23IST * 5 * information * 0_ComputeArguments * KIM_LogImplementation.cpp:246 * Log object renamed.  ID changed from '0_Model_0x55fea2959980'.
2022-02-13:09:16:03IST * 0 * information * 0_ComputeArguments * KIM_LogImplementation.cpp:120 * Log object destroyed.
2022-02-13:09:16:03IST * 0 * information * 0_Model * Morse_Shifted.c:989 * Deallocating Model buffer
2022-02-13:09:16:03IST * 1 * information * 0_Model * KIM_LogImplementation.cpp:120 * Log object destroyed.
2022-02-13:09:54:42IST * 0 * information * 0x5599af825280 * KIM_LogImplementation.cpp:110 * Log object created.  Default verbosity level is 'information'.
2022-02-13:09:54:42IST * 0 * information * 0x5599af8c6340 * KIM_LogImplementation.cpp:110 * Log object created.  Default verbosity level is 'information'.
2022-02-13:09:54:42IST * 1 * information * 0x5599af8c6340 * KIM_LogImplementation.cpp:242 * Log object renamed.  ID changed to '0x5599af825280_Collections'.
2022-02-13:09:54:42IST * 2 * information * 0x5599af825280_Collections * KIM_LogImplementation.cpp:246 * Log object renamed.  ID changed from '0x5599af8c6340'.
2022-02-13:09:54:42IST * 1 * warning * 0x5599af825280 * KIM_ModelImplementation.cpp:874 * Use of the GetParameterFileName(0, 0x7fffa43886d0). function is deprecated. Please use GetParameterFileBasename() instead.
2022-02-13:09:54:42IST * 2 * information * 0x5599af825280 * Morse_Shifted.c:759 * Setting units
2022-02-13:09:54:42IST * 3 * information * 0x5599af825280 * Morse_Shifted.c:769 * Setting particle indexing to zero-based
2022-02-13:09:54:42IST * 4 * information * 0x5599af825280 * Morse_Shifted.c:779 * Registering Model function pointers
2022-02-13:09:54:42IST * 5 * information * 0x5599af825280 * Morse_Shifted.c:822 * Setting species code
2022-02-13:09:54:42IST * 6 * information * 0x5599af825280 * Morse_Shifted.c:834 * Allocating memory for Model buffer
2022-02-13:09:54:42IST * 7 * information * 0x5599af825280 * Morse_Shifted.c:844 * Registering Model buffer
2022-02-13:09:54:42IST * 8 * information * 0x5599af825280 * Morse_Shifted.c:849 * Loading Model parameters into buffer
2022-02-13:09:54:42IST * 9 * information * 0x5599af825280 * Morse_Shifted.c:872 * Registering influence distance pointer
2022-02-13:09:54:42IST * 10 * information * 0x5599af825280 * Morse_Shifted.c:877 * Registering cutoff pointer
2022-02-13:09:54:42IST * 11 * information * 0x5599af825280 * Morse_Shifted.c:887 * Registering Model parameters
2022-02-13:09:54:42IST * 12 * error * 0x5599af825280 * KIM_SharedLibrary.cpp:348 * SharedLibrary not open.
2022-02-13:09:54:42IST * 3 * information * 0x5599af825280_Collections * KIM_LogImplementation.cpp:120 * Log object destroyed.
2022-02-13:09:54:42IST * 13 * information * 0x5599af825280 * KIM_LogImplementation.cpp:242 * Log object renamed.  ID changed to '0_Model'.
2022-02-13:09:54:42IST * 14 * information * 0_Model * KIM_LogImplementation.cpp:246 * Log object renamed.  ID changed from '0x5599af825280'.
2022-02-13:09:54:42IST * 0 * information * 0x5599af8c6340 * KIM_LogImplementation.cpp:110 * Log object created.  Default verbosity level is 'information'.
2022-02-13:09:54:42IST * 1 * information * 0x5599af8c6340 * KIM_LogImplementation.cpp:242 * Log object renamed.  ID changed to '0_Model_0x5599af8c6340'.
2022-02-13:09:54:42IST * 2 * information * 0_Model_0x5599af8c6340 * KIM_LogImplementation.cpp:246 * Log object renamed.  ID changed from '0x5599af8c6340'.
2022-02-13:09:54:42IST * 3 * information * 0_Model_0x5599af8c6340 * Morse_Shifted.c:1040 * Register call back supportStatus
2022-02-13:09:54:42IST * 4 * information * 0_Model_0x5599af8c6340 * KIM_LogImplementation.cpp:242 * Log object renamed.  ID changed to '0_ComputeArguments'.
2022-02-13:09:54:42IST * 5 * information * 0_ComputeArguments * KIM_LogImplementation.cpp:246 * Log object renamed.  ID changed from '0_Model_0x5599af8c6340'.
2022-02-13:09:55:23IST * 0 * information * 0_ComputeArguments * KIM_LogImplementation.cpp:120 * Log object destroyed.
2022-02-13:09:55:23IST * 0 * information * 0_Model * Morse_Shifted.c:989 * Deallocating Model buffer
2022-02-13:09:55:23IST * 1 * information * 0_Model * KIM_LogImplementation.cpp:120 * Log object destroyed.
2022-02-13:09:55:23IST * 0 * information * 0x5599af8c8930 * KIM_LogImplementation.cpp:110 * Log object created.  Default verbosity level is 'information'.
2022-02-13:09:55:23IST * 0 * information * 0x5599af8c93a0 * KIM_LogImplementation.cpp:110 * Log object created.  Default verbosity level is 'information'.
2022-02-13:09:55:23IST * 1 * information * 0x5599af8c93a0 * KIM_LogImplementation.cpp:242 * Log object renamed.  ID changed to '0x5599af8c8930_Collections'.
2022-02-13:09:55:23IST * 2 * information * 0x5599af8c8930_Collections * KIM_LogImplementation.cpp:246 * Log object renamed.  ID changed from '0x5599af8c93a0'.
2022-02-13:09:55:23IST * 1 * warning * 0x5599af8c8930 * KIM_ModelImplementation.cpp:874 * Use of the GetParameterFileName(0, 0x7fffa43886d0). function is deprecated. Please use GetParameterFileBasename() instead.
2022-02-13:09:55:23IST * 2 * information * 0x5599af8c8930 * Morse_Shifted.c:759 * Setting units
2022-02-13:09:55:23IST * 3 * information * 0x5599af8c8930 * Morse_Shifted.c:769 * Setting particle indexing to zero-based
2022-02-13:09:55:23IST * 4 * information * 0x5599af8c8930 * Morse_Shifted.c:779 * Registering Model function pointers
2022-02-13:09:55:23IST * 5 * information * 0x5599af8c8930 * Morse_Shifted.c:822 * Setting species code
2022-02-13:09:55:23IST * 6 * information * 0x5599af8c8930 * Morse_Shifted.c:834 * Allocating memory for Model buffer
2022-02-13:09:55:23IST * 7 * information * 0x5599af8c8930 * Morse_Shifted.c:844 * Registering Model buffer
2022-02-13:09:55:23IST * 8 * information * 0x5599af8c8930 * Morse_Shifted.c:849 * Loading Model parameters into buffer
2022-02-13:09:55:23IST * 9 * information * 0x5599af8c8930 * Morse_Shifted.c:872 * Registering influence distance pointer
2022-02-13:09:55:23IST * 10 * information * 0x5599af8c8930 * Morse_Shifted.c:877 * Registering cutoff pointer
2022-02-13:09:55:23IST * 11 * information * 0x5599af8c8930 * Morse_Shifted.c:887 * Registering Model parameters
2022-02-13:09:55:23IST * 12 * error * 0x5599af8c8930 * KIM_SharedLibrary.cpp:348 * SharedLibrary not open.
2022-02-13:09:55:23IST * 3 * information * 0x5599af8c8930_Collections * KIM_LogImplementation.cpp:120 * Log object destroyed.
2022-02-13:09:55:23IST * 13 * information * 0x5599af8c8930 * KIM_LogImplementation.cpp:242 * Log object renamed.  ID changed to '0_Model'.
2022-02-13:09:55:23IST * 14 * information * 0_Model * KIM_LogImplementation.cpp:246 * Log object renamed.  ID changed from '0x5599af8c8930'.
2022-02-13:09:55:23IST * 0 * information * 0x5599af8c93a0 * KIM_LogImplementation.cpp:110 * Log object created.  Default verbosity level is 'information'.
2022-02-13:09:55:23IST * 1 * information * 0x5599af8c93a0 * KIM_LogImplementation.cpp:242 * Log object renamed.  ID changed to '0_Model_0x5599af8c93a0'.
2022-02-13:09:55:23IST * 2 * information * 0_Model_0x5599af8c93a0 * KIM_LogImplementation.cpp:246 * Log object renamed.  ID changed from '0x5599af8c93a0'.
2022-02-13:09:55:23IST * 3 * information * 0_Model_0x5599af8c93a0 * Morse_Shifted.c:1040 * Register call back supportStatus
2022-02-13:09:55:23IST * 4 * information * 0_Model_0x5599af8c93a0 * KIM_LogImplementation.cpp:242 * Log object renamed.  ID changed to '0_ComputeArguments'.
2022-02-13:09:55:23IST * 5 * information * 0_ComputeArguments * KIM_LogImplementation.cpp:246 * Log object renamed.  ID changed from '0_Model_0x5599af8c93a0'.
2022-02-13:09:56:07IST * 0 * information * 0_ComputeArguments * KIM_LogImplementation.cpp:120 * Log object destroyed.
2022-02-13:09:56:07IST * 0 * information * 0_Model * Morse_Shifted.c:989 * Deallocating Model buffer
2022-02-13:09:56:07IST * 1 * information * 0_Model * KIM_LogImplementation.cpp:120 * Log object destroyed.
2022-02-13:09:56:07IST * 0 * information * 0x5599af8c7180 * KIM_LogImplementation.cpp:110 * Log object created.  Default verbosity level is 'information'.
2022-02-13:09:56:07IST * 0 * information * 0x5599af81af30 * KIM_LogImplementation.cpp:110 * Log object created.  Default verbosity level is 'information'.
2022-02-13:09:56:07IST * 1 * information * 0x5599af81af30 * KIM_LogImplementation.cpp:242 * Log object renamed.  ID changed to '0x5599af8c7180_Collections'.
2022-02-13:09:56:07IST * 2 * information * 0x5599af8c7180_Collections * KIM_LogImplementation.cpp:246 * Log object renamed.  ID changed from '0x5599af81af30'.
2022-02-13:09:56:07IST * 1 * warning * 0x5599af8c7180 * KIM_ModelImplementation.cpp:874 * Use of the GetParameterFileName(0, 0x7fffa43886d0). function is deprecated. Please use GetParameterFileBasename() instead.
2022-02-13:09:56:07IST * 2 * information * 0x5599af8c7180 * Morse_Shifted.c:759 * Setting units
2022-02-13:09:56:07IST * 3 * information * 0x5599af8c7180 * Morse_Shifted.c:769 * Setting particle indexing to zero-based
2022-02-13:09:56:07IST * 4 * information * 0x5599af8c7180 * Morse_Shifted.c:779 * Registering Model function pointers
2022-02-13:09:56:07IST * 5 * information * 0x5599af8c7180 * Morse_Shifted.c:822 * Setting species code
2022-02-13:09:56:07IST * 6 * information * 0x5599af8c7180 * Morse_Shifted.c:834 * Allocating memory for Model buffer
2022-02-13:09:56:07IST * 7 * information * 0x5599af8c7180 * Morse_Shifted.c:844 * Registering Model buffer
2022-02-13:09:56:07IST * 8 * information * 0x5599af8c7180 * Morse_Shifted.c:849 * Loading Model parameters into buffer
2022-02-13:09:56:07IST * 9 * information * 0x5599af8c7180 * Morse_Shifted.c:872 * Registering influence distance pointer
2022-02-13:09:56:07IST * 10 * information * 0x5599af8c7180 * Morse_Shifted.c:877 * Registering cutoff pointer
2022-02-13:09:56:07IST * 11 * information * 0x5599af8c7180 * Morse_Shifted.c:887 * Registering Model parameters
2022-02-13:09:56:07IST * 12 * error * 0x5599af8c7180 * KIM_SharedLibrary.cpp:348 * SharedLibrary not open.
2022-02-13:09:56:07IST * 3 * information * 0x5599af8c7180_Collections * KIM_LogImplementation.cpp:120 * Log object destroyed.
2022-02-13:09:56:07IST * 13 * information * 0x5599af8c7180 * KIM_LogImplementation.cpp:242 * Log object renamed.  ID changed to '0_Model'.
2022-02-13:09:56:07IST * 14 * information * 0_Model * KIM_LogImplementation.cpp:246 * Log object renamed.  ID changed from '0x5599af8c7180'.
2022-02-13:09:56:07IST * 0 * information * 0x5599af81af30 * KIM_LogImplementation.cpp:110 * Log object created.  Default verbosity level is 'information'.
2022-02-13:09:56:07IST * 1 * information * 0x5599af81af30 * KIM_LogImplementation.cpp:242 * Log object renamed.  ID changed to '0_Model_0x5599af81af30'.
2022-02-13:09:56:07IST * 2 * information * 0_Model_0x5599af81af30 * KIM_LogImplementation.cpp:246 * Log object renamed.  ID changed from '0x5599af81af30'.
2022-02-13:09:56:07IST * 3 * information * 0_Model_0x5599af81af30 * Morse_Shifted.c:1040 * Register call back supportStatus
2022-02-13:09:56:07IST * 4 * information * 0_Model_0x5599af81af30 * KIM_LogImplementation.cpp:242 * Log object renamed.  ID changed to '0_ComputeArguments'.
2022-02-13:09:56:07IST * 5 * information * 0_ComputeArguments * KIM_LogImplementation.cpp:246 * Log object renamed.  ID changed from '0_Model_0x5599af81af30'.
2022-02-13:09:56:48IST * 0 * information * 0_ComputeArguments * KIM_LogImplementation.cpp:120 * Log object destroyed.
2022-02-13:09:56:48IST * 0 * information * 0_Model * Morse_Shifted.c:989 * Deallocating Model buffer
2022-02-13:09:56:48IST * 1 * information * 0_Model * KIM_LogImplementation.cpp:120 * Log object destroyed.
2022-02-13:09:56:48IST * 0 * information * 0x5599af8c6340 * KIM_LogImplementation.cpp:110 * Log object created.  Default verbosity level is 'information'.
2022-02-13:09:56:48IST * 0 * information * 0x5599af92c260 * KIM_LogImplementation.cpp:110 * Log object created.  Default verbosity level is 'information'.
2022-02-13:09:56:48IST * 1 * information * 0x5599af92c260 * KIM_LogImplementation.cpp:242 * Log object renamed.  ID changed to '0x5599af8c6340_Collections'.
2022-02-13:09:56:48IST * 2 * information * 0x5599af8c6340_Collections * KIM_LogImplementation.cpp:246 * Log object renamed.  ID changed from '0x5599af92c260'.
2022-02-13:09:56:48IST * 1 * warning * 0x5599af8c6340 * KIM_ModelImplementation.cpp:874 * Use of the GetParameterFileName(0, 0x7fffa43886d0). function is deprecated. Please use GetParameterFileBasename() instead.
2022-02-13:09:56:48IST * 2 * information * 0x5599af8c6340 * Morse_Shifted.c:759 * Setting units
2022-02-13:09:56:48IST * 3 * information * 0x5599af8c6340 * Morse_Shifted.c:769 * Setting particle indexing to zero-based
2022-02-13:09:56:48IST * 4 * information * 0x5599af8c6340 * Morse_Shifted.c:779 * Registering Model function pointers
2022-02-13:09:56:48IST * 5 * information * 0x5599af8c6340 * Morse_Shifted.c:822 * Setting species code
2022-02-13:09:56:48IST * 6 * information * 0x5599af8c6340 * Morse_Shifted.c:834 * Allocating memory for Model buffer
2022-02-13:09:56:48IST * 7 * information * 0x5599af8c6340 * Morse_Shifted.c:844 * Registering Model buffer
2022-02-13:09:56:48IST * 8 * information * 0x5599af8c6340 * Morse_Shifted.c:849 * Loading Model parameters into buffer
2022-02-13:09:56:48IST * 9 * information * 0x5599af8c6340 * Morse_Shifted.c:872 * Registering influence distance pointer
2022-02-13:09:56:48IST * 10 * information * 0x5599af8c6340 * Morse_Shifted.c:877 * Registering cutoff pointer
2022-02-13:09:56:48IST * 11 * information * 0x5599af8c6340 * Morse_Shifted.c:887 * Registering Model parameters
2022-02-13:09:56:48IST * 12 * error * 0x5599af8c6340 * KIM_SharedLibrary.cpp:348 * SharedLibrary not open.
2022-02-13:09:56:48IST * 3 * information * 0x5599af8c6340_Collections * KIM_LogImplementation.cpp:120 * Log object destroyed.
2022-02-13:09:56:48IST * 13 * information * 0x5599af8c6340 * KIM_LogImplementation.cpp:242 * Log object renamed.  ID changed to '0_Model'.
2022-02-13:09:56:48IST * 14 * information * 0_Model * KIM_LogImplementation.cpp:246 * Log object renamed.  ID changed from '0x5599af8c6340'.
2022-02-13:09:56:48IST * 0 * information * 0x5599af92c260 * KIM_LogImplementation.cpp:110 * Log object created.  Default verbosity level is 'information'.
2022-02-13:09:56:48IST * 1 * information * 0x5599af92c260 * KIM_LogImplementation.cpp:242 * Log object renamed.  ID changed to '0_Model_0x5599af92c260'.
2022-02-13:09:56:48IST * 2 * information * 0_Model_0x5599af92c260 * KIM_LogImplementation.cpp:246 * Log object renamed.  ID changed from '0x5599af92c260'.
2022-02-13:09:56:48IST * 3 * information * 0_Model_0x5599af92c260 * Morse_Shifted.c:1040 * Register call back supportStatus
2022-02-13:09:56:48IST * 4 * information * 0_Model_0x5599af92c260 * KIM_LogImplementation.cpp:242 * Log object renamed.  ID changed to '0_ComputeArguments'.
2022-02-13:09:56:48IST * 5 * information * 0_ComputeArguments * KIM_LogImplementation.cpp:246 * Log object renamed.  ID changed from '0_Model_0x5599af92c260'.
2022-02-13:09:57:29IST * 0 * information * 0_ComputeArguments * KIM_LogImplementation.cpp:120 * Log object destroyed.
2022-02-13:09:57:29IST * 0 * information * 0_Model * Morse_Shifted.c:989 * Deallocating Model buffer
2022-02-13:09:57:29IST * 1 * information * 0_Model * KIM_LogImplementation.cpp:120 * Log object destroyed.
2022-02-13:09:57:29IST * 0 * information * 0x5599af8c93a0 * KIM_LogImplementation.cpp:110 * Log object created.  Default verbosity level is 'information'.
2022-02-13:09:57:29IST * 0 * information * 0x5599af92bef0 * KIM_LogImplementation.cpp:110 * Log object created.  Default verbosity level is 'information'.
2022-02-13:09:57:29IST * 1 * information * 0x5599af92bef0 * KIM_LogImplementation.cpp:242 * Log object renamed.  ID changed to '0x5599af8c93a0_Collections'.
2022-02-13:09:57:29IST * 2 * information * 0x5599af8c93a0_Collections * KIM_LogImplementation.cpp:246 * Log object renamed.  ID changed from '0x5599af92bef0'.
2022-02-13:09:57:29IST * 1 * warning * 0x5599af8c93a0 * KIM_ModelImplementation.cpp:874 * Use of the GetParameterFileName(0, 0x7fffa43886d0). function is deprecated. Please use GetParameterFileBasename() instead.
2022-02-13:09:57:29IST * 2 * information * 0x5599af8c93a0 * Morse_Shifted.c:759 * Setting units
2022-02-13:09:57:29IST * 3 * information * 0x5599af8c93a0 * Morse_Shifted.c:769 * Setting particle indexing to zero-based
2022-02-13:09:57:29IST * 4 * information * 0x5599af8c93a0 * Morse_Shifted.c:779 * Registering Model function pointers
2022-02-13:09:57:29IST * 5 * information * 0x5599af8c93a0 * Morse_Shifted.c:822 * Setting species code
2022-02-13:09:57:29IST * 6 * information * 0x5599af8c93a0 * Morse_Shifted.c:834 * Allocating memory for Model buffer
2022-02-13:09:57:29IST * 7 * information * 0x5599af8c93a0 * Morse_Shifted.c:844 * Registering Model buffer
2022-02-13:09:57:29IST * 8 * information * 0x5599af8c93a0 * Morse_Shifted.c:849 * Loading Model parameters into buffer
2022-02-13:09:57:29IST * 9 * information * 0x5599af8c93a0 * Morse_Shifted.c:872 * Registering influence distance pointer
2022-02-13:09:57:29IST * 10 * information * 0x5599af8c93a0 * Morse_Shifted.c:877 * Registering cutoff pointer
2022-02-13:09:57:29IST * 11 * information * 0x5599af8c93a0 * Morse_Shifted.c:887 * Registering Model parameters
2022-02-13:09:57:29IST * 12 * error * 0x5599af8c93a0 * KIM_SharedLibrary.cpp:348 * SharedLibrary not open.
2022-02-13:09:57:29IST * 3 * information * 0x5599af8c93a0_Collections * KIM_LogImplementation.cpp:120 * Log object destroyed.
2022-02-13:09:57:29IST * 13 * information * 0x5599af8c93a0 * KIM_LogImplementation.cpp:242 * Log object renamed.  ID changed to '0_Model'.
2022-02-13:09:57:29IST * 14 * information * 0_Model * KIM_LogImplementation.cpp:246 * Log object renamed.  ID changed from '0x5599af8c93a0'.
2022-02-13:09:57:29IST * 0 * information * 0x5599af92bef0 * KIM_LogImplementation.cpp:110 * Log object created.  Default verbosity level is 'information'.
2022-02-13:09:57:29IST * 1 * information * 0x5599af92bef0 * KIM_LogImplementation.cpp:242 * Log object renamed.  ID changed to '0_Model_0x5599af92bef0'.
2022-02-13:09:57:29IST * 2 * information * 0_Model_0x5599af92bef0 * KIM_LogImplementation.cpp:246 * Log object renamed.  ID changed from '0x5599af92bef0'.
2022-02-13:09:57:29IST * 3 * information * 0_Model_0x5599af92bef0 * Morse_Shifted.c:1040 * Register call back supportStatus
2022-02-13:09:57:29IST * 4 * information * 0_Model_0x5599af92bef0 * KIM_LogImplementation.cpp:242 * Log object renamed.  ID changed to '0_ComputeArguments'.
2022-02-13:09:57:29IST * 5 * information * 0_ComputeArguments * KIM_LogImplementation.cpp:246 * Log object renamed.  ID changed from '0_Model_0x5599af92bef0'.
2022-02-13:09:58:12IST * 0 * information * 0_ComputeArguments * KIM_LogImplementation.cpp:120 * Log object destroyed.
2022-02-13:09:58:12IST * 0 * information * 0_Model * Morse_Shifted.c:989 * Deallocating Model buffer
2022-02-13:09:58:12IST * 1 * information * 0_Model * KIM_LogImplementation.cpp:120 * Log object destroyed.
2022-02-13:09:58:12IST * 0 * information * 0x5599af81af30 * KIM_LogImplementation.cpp:110 * Log object created.  Default verbosity level is 'information'.
2022-02-13:09:58:12IST * 0 * information * 0x5599af92bb60 * KIM_LogImplementation.cpp:110 * Log object created.  Default verbosity level is 'information'.
2022-02-13:09:58:12IST * 1 * information * 0x5599af92bb60 * KIM_LogImplementation.cpp:242 * Log object renamed.  ID changed to '0x5599af81af30_Collections'.
2022-02-13:09:58:12IST * 2 * information * 0x5599af81af30_Collections * KIM_LogImplementation.cpp:246 * Log object renamed.  ID changed from '0x5599af92bb60'.
2022-02-13:09:58:12IST * 1 * warning * 0x5599af81af30 * KIM_ModelImplementation.cpp:874 * Use of the GetParameterFileName(0, 0x7fffa43886d0). function is deprecated. Please use GetParameterFileBasename() instead.
2022-02-13:09:58:12IST * 2 * information * 0x5599af81af30 * Morse_Shifted.c:759 * Setting units
2022-02-13:09:58:12IST * 3 * information * 0x5599af81af30 * Morse_Shifted.c:769 * Setting particle indexing to zero-based
2022-02-13:09:58:12IST * 4 * information * 0x5599af81af30 * Morse_Shifted.c:779 * Registering Model function pointers
2022-02-13:09:58:12IST * 5 * information * 0x5599af81af30 * Morse_Shifted.c:822 * Setting species code
2022-02-13:09:58:12IST * 6 * information * 0x5599af81af30 * Morse_Shifted.c:834 * Allocating memory for Model buffer
2022-02-13:09:58:12IST * 7 * information * 0x5599af81af30 * Morse_Shifted.c:844 * Registering Model buffer
2022-02-13:09:58:12IST * 8 * information * 0x5599af81af30 * Morse_Shifted.c:849 * Loading Model parameters into buffer
2022-02-13:09:58:12IST * 9 * information * 0x5599af81af30 * Morse_Shifted.c:872 * Registering influence distance pointer
2022-02-13:09:58:12IST * 10 * information * 0x5599af81af30 * Morse_Shifted.c:877 * Registering cutoff pointer
2022-02-13:09:58:12IST * 11 * information * 0x5599af81af30 * Morse_Shifted.c:887 * Registering Model parameters
2022-02-13:09:58:12IST * 12 * error * 0x5599af81af30 * KIM_SharedLibrary.cpp:348 * SharedLibrary not open.
2022-02-13:09:58:12IST * 3 * information * 0x5599af81af30_Collections * KIM_LogImplementation.cpp:120 * Log object destroyed.
2022-02-13:09:58:12IST * 13 * information * 0x5599af81af30 * KIM_LogImplementation.cpp:242 * Log object renamed.  ID changed to '0_Model'.
2022-02-13:09:58:12IST * 14 * information * 0_Model * KIM_LogImplementation.cpp:246 * Log object renamed.  ID changed from '0x5599af81af30'.
2022-02-13:09:58:12IST * 0 * information * 0x5599af92bb60 * KIM_LogImplementation.cpp:110 * Log object created.  Default verbosity level is 'information'.
2022-02-13:09:58:12IST * 1 * information * 0x5599af92bb60 * KIM_LogImplementation.cpp:242 * Log object renamed.  ID changed to '0_Model_0x5599af92bb60'.
2022-02-13:09:58:12IST * 2 * information * 0_Model_0x5599af92bb60 * KIM_LogImplementation.cpp:246 * Log object renamed.  ID changed from '0x5599af92bb60'.
2022-02-13:09:58:12IST * 3 * information * 0_Model_0x5599af92bb60 * Morse_Shifted.c:1040 * Register call back supportStatus
2022-02-13:09:58:12IST * 4 * information * 0_Model_0x5599af92bb60 * KIM_LogImplementation.cpp:242 * Log object renamed.  ID changed to '0_ComputeArguments'.
2022-02-13:09:58:12IST * 5 * information * 0_ComputeArguments * KIM_LogImplementation.cpp:246 * Log object renamed.  ID changed from '0_Model_0x5599af92bb60'.
2022-02-13:10:22:54IST * 0 * information * 0x558fbb639210 * KIM_LogImplementation.cpp:110 * Log object created.  Default verbosity level is 'information'.
2022-02-13:10:22:54IST * 0 * information * 0x558fbb6da2d0 * KIM_LogImplementation.cpp:110 * Log object created.  Default verbosity level is 'information'.
2022-02-13:10:22:54IST * 1 * information * 0x558fbb6da2d0 * KIM_LogImplementation.cpp:242 * Log object renamed.  ID changed to '0x558fbb639210_Collections'.
2022-02-13:10:22:54IST * 2 * information * 0x558fbb639210_Collections * KIM_LogImplementation.cpp:246 * Log object renamed.  ID changed from '0x558fbb6da2d0'.
2022-02-13:10:22:54IST * 1 * warning * 0x558fbb639210 * KIM_ModelImplementation.cpp:874 * Use of the GetParameterFileName(0, 0x7ffc23864240). function is deprecated. Please use GetParameterFileBasename() instead.
2022-02-13:10:22:54IST * 2 * information * 0x558fbb639210 * Morse_Shifted.c:759 * Setting units
2022-02-13:10:22:54IST * 3 * information * 0x558fbb639210 * Morse_Shifted.c:769 * Setting particle indexing to zero-based
2022-02-13:10:22:54IST * 4 * information * 0x558fbb639210 * Morse_Shifted.c:779 * Registering Model function pointers
2022-02-13:10:22:54IST * 5 * information * 0x558fbb639210 * Morse_Shifted.c:822 * Setting species code
2022-02-13:10:22:54IST * 6 * information * 0x558fbb639210 * Morse_Shifted.c:834 * Allocating memory for Model buffer
2022-02-13:10:22:54IST * 7 * information * 0x558fbb639210 * Morse_Shifted.c:844 * Registering Model buffer
2022-02-13:10:22:54IST * 8 * information * 0x558fbb639210 * Morse_Shifted.c:849 * Loading Model parameters into buffer
2022-02-13:10:22:54IST * 9 * information * 0x558fbb639210 * Morse_Shifted.c:872 * Registering influence distance pointer
2022-02-13:10:22:54IST * 10 * information * 0x558fbb639210 * Morse_Shifted.c:877 * Registering cutoff pointer
2022-02-13:10:22:54IST * 11 * information * 0x558fbb639210 * Morse_Shifted.c:887 * Registering Model parameters
2022-02-13:10:22:54IST * 12 * error * 0x558fbb639210 * KIM_SharedLibrary.cpp:348 * SharedLibrary not open.
2022-02-13:10:22:54IST * 3 * information * 0x558fbb639210_Collections * KIM_LogImplementation.cpp:120 * Log object destroyed.
2022-02-13:10:22:54IST * 13 * information * 0x558fbb639210 * KIM_LogImplementation.cpp:242 * Log object renamed.  ID changed to '0_Model'.
2022-02-13:10:22:54IST * 14 * information * 0_Model * KIM_LogImplementation.cpp:246 * Log object renamed.  ID changed from '0x558fbb639210'.
2022-02-13:10:22:54IST * 0 * information * 0x558fbb6da2d0 * KIM_LogImplementation.cpp:110 * Log object created.  Default verbosity level is 'information'.
2022-02-13:10:22:54IST * 1 * information * 0x558fbb6da2d0 * KIM_LogImplementation.cpp:242 * Log object renamed.  ID changed to '0_Model_0x558fbb6da2d0'.
2022-02-13:10:22:54IST * 2 * information * 0_Model_0x558fbb6da2d0 * KIM_LogImplementation.cpp:246 * Log object renamed.  ID changed from '0x558fbb6da2d0'.
2022-02-13:10:22:54IST * 3 * information * 0_Model_0x558fbb6da2d0 * Morse_Shifted.c:1040 * Register call back supportStatus
2022-02-13:10:22:54IST * 4 * information * 0_Model_0x558fbb6da2d0 * KIM_LogImplementation.cpp:242 * Log object renamed.  ID changed to '0_ComputeArguments'.
2022-02-13:10:22:54IST * 5 * information * 0_ComputeArguments * KIM_LogImplementation.cpp:246 * Log object renamed.  ID changed from '0_Model_0x558fbb6da2d0'.
2022-02-13:10:23:35IST * 0 * information * 0_ComputeArguments * KIM_LogImplementation.cpp:120 * Log object destroyed.
2022-02-13:10:23:35IST * 0 * information * 0_Model * Morse_Shifted.c:989 * Deallocating Model buffer
2022-02-13:10:23:35IST * 1 * information * 0_Model * KIM_LogImplementation.cpp:120 * Log object destroyed.
2022-02-13:10:23:35IST * 0 * information * 0x558fbb6dc750 * KIM_LogImplementation.cpp:110 * Log object created.  Default verbosity level is 'information'.
2022-02-13:10:23:35IST * 0 * information * 0x558fbb6dd1c0 * KIM_LogImplementation.cpp:110 * Log object created.  Default verbosity level is 'information'.
2022-02-13:10:23:35IST * 1 * information * 0x558fbb6dd1c0 * KIM_LogImplementation.cpp:242 * Log object renamed.  ID changed to '0x558fbb6dc750_Collections'.
2022-02-13:10:23:35IST * 2 * information * 0x558fbb6dc750_Collections * KIM_LogImplementation.cpp:246 * Log object renamed.  ID changed from '0x558fbb6dd1c0'.
2022-02-13:10:23:35IST * 1 * warning * 0x558fbb6dc750 * KIM_ModelImplementation.cpp:874 * Use of the GetParameterFileName(0, 0x7ffc23864240). function is deprecated. Please use GetParameterFileBasename() instead.
2022-02-13:10:23:35IST * 2 * information * 0x558fbb6dc750 * Morse_Shifted.c:759 * Setting units
2022-02-13:10:23:35IST * 3 * information * 0x558fbb6dc750 * Morse_Shifted.c:769 * Setting particle indexing to zero-based
2022-02-13:10:23:35IST * 4 * information * 0x558fbb6dc750 * Morse_Shifted.c:779 * Registering Model function pointers
2022-02-13:10:23:35IST * 5 * information * 0x558fbb6dc750 * Morse_Shifted.c:822 * Setting species code
2022-02-13:10:23:35IST * 6 * information * 0x558fbb6dc750 * Morse_Shifted.c:834 * Allocating memory for Model buffer
2022-02-13:10:23:35IST * 7 * information * 0x558fbb6dc750 * Morse_Shifted.c:844 * Registering Model buffer
2022-02-13:10:23:35IST * 8 * information * 0x558fbb6dc750 * Morse_Shifted.c:849 * Loading Model parameters into buffer
2022-02-13:10:23:35IST * 9 * information * 0x558fbb6dc750 * Morse_Shifted.c:872 * Registering influence distance pointer
2022-02-13:10:23:35IST * 10 * information * 0x558fbb6dc750 * Morse_Shifted.c:877 * Registering cutoff pointer
2022-02-13:10:23:35IST * 11 * information * 0x558fbb6dc750 * Morse_Shifted.c:887 * Registering Model parameters
2022-02-13:10:23:35IST * 12 * error * 0x558fbb6dc750 * KIM_SharedLibrary.cpp:348 * SharedLibrary not open.
2022-02-13:10:23:35IST * 3 * information * 0x558fbb6dc750_Collections * KIM_LogImplementation.cpp:120 * Log object destroyed.
2022-02-13:10:23:35IST * 13 * information * 0x558fbb6dc750 * KIM_LogImplementation.cpp:242 * Log object renamed.  ID changed to '0_Model'.
2022-02-13:10:23:35IST * 14 * information * 0_Model * KIM_LogImplementation.cpp:246 * Log object renamed.  ID changed from '0x558fbb6dc750'.
2022-02-13:10:23:35IST * 0 * information * 0x558fbb6dd1c0 * KIM_LogImplementation.cpp:110 * Log object created.  Default verbosity level is 'information'.
2022-02-13:10:23:35IST * 1 * information * 0x558fbb6dd1c0 * KIM_LogImplementation.cpp:242 * Log object renamed.  ID changed to '0_Model_0x558fbb6dd1c0'.
2022-02-13:10:23:35IST * 2 * information * 0_Model_0x558fbb6dd1c0 * KIM_LogImplementation.cpp:246 * Log object renamed.  ID changed from '0x558fbb6dd1c0'.
2022-02-13:10:23:35IST * 3 * information * 0_Model_0x558fbb6dd1c0 * Morse_Shifted.c:1040 * Register call back supportStatus
2022-02-13:10:23:35IST * 4 * information * 0_Model_0x558fbb6dd1c0 * KIM_LogImplementation.cpp:242 * Log object renamed.  ID changed to '0_ComputeArguments'.
2022-02-13:10:23:35IST * 5 * information * 0_ComputeArguments * KIM_LogImplementation.cpp:246 * Log object renamed.  ID changed from '0_Model_0x558fbb6dd1c0'.
2022-02-13:10:24:16IST * 0 * information * 0_ComputeArguments * KIM_LogImplementation.cpp:120 * Log object destroyed.
2022-02-13:10:24:16IST * 0 * information * 0_Model * Morse_Shifted.c:989 * Deallocating Model buffer
2022-02-13:10:24:16IST * 1 * information * 0_Model * KIM_LogImplementation.cpp:120 * Log object destroyed.
2022-02-13:10:24:16IST * 0 * information * 0x558fbb6db160 * KIM_LogImplementation.cpp:110 * Log object created.  Default verbosity level is 'information'.
2022-02-13:10:24:16IST * 0 * information * 0x558fbb62f950 * KIM_LogImplementation.cpp:110 * Log object created.  Default verbosity level is 'information'.
2022-02-13:10:24:16IST * 1 * information * 0x558fbb62f950 * KIM_LogImplementation.cpp:242 * Log object renamed.  ID changed to '0x558fbb6db160_Collections'.
2022-02-13:10:24:16IST * 2 * information * 0x558fbb6db160_Collections * KIM_LogImplementation.cpp:246 * Log object renamed.  ID changed from '0x558fbb62f950'.
2022-02-13:10:24:16IST * 1 * warning * 0x558fbb6db160 * KIM_ModelImplementation.cpp:874 * Use of the GetParameterFileName(0, 0x7ffc23864240). function is deprecated. Please use GetParameterFileBasename() instead.
2022-02-13:10:24:16IST * 2 * information * 0x558fbb6db160 * Morse_Shifted.c:759 * Setting units
2022-02-13:10:24:16IST * 3 * information * 0x558fbb6db160 * Morse_Shifted.c:769 * Setting particle indexing to zero-based
2022-02-13:10:24:16IST * 4 * information * 0x558fbb6db160 * Morse_Shifted.c:779 * Registering Model function pointers
2022-02-13:10:24:16IST * 5 * information * 0x558fbb6db160 * Morse_Shifted.c:822 * Setting species code
2022-02-13:10:24:16IST * 6 * information * 0x558fbb6db160 * Morse_Shifted.c:834 * Allocating memory for Model buffer
2022-02-13:10:24:16IST * 7 * information * 0x558fbb6db160 * Morse_Shifted.c:844 * Registering Model buffer
2022-02-13:10:24:16IST * 8 * information * 0x558fbb6db160 * Morse_Shifted.c:849 * Loading Model parameters into buffer
2022-02-13:10:24:16IST * 9 * information * 0x558fbb6db160 * Morse_Shifted.c:872 * Registering influence distance pointer
2022-02-13:10:24:16IST * 10 * information * 0x558fbb6db160 * Morse_Shifted.c:877 * Registering cutoff pointer
2022-02-13:10:24:16IST * 11 * information * 0x558fbb6db160 * Morse_Shifted.c:887 * Registering Model parameters
2022-02-13:10:24:16IST * 12 * error * 0x558fbb6db160 * KIM_SharedLibrary.cpp:348 * SharedLibrary not open.
2022-02-13:10:24:16IST * 3 * information * 0x558fbb6db160_Collections * KIM_LogImplementation.cpp:120 * Log object destroyed.
2022-02-13:10:24:16IST * 13 * information * 0x558fbb6db160 * KIM_LogImplementation.cpp:242 * Log object renamed.  ID changed to '0_Model'.
2022-02-13:10:24:16IST * 14 * information * 0_Model * KIM_LogImplementation.cpp:246 * Log object renamed.  ID changed from '0x558fbb6db160'.
2022-02-13:10:24:16IST * 0 * information * 0x558fbb62f950 * KIM_LogImplementation.cpp:110 * Log object created.  Default verbosity level is 'information'.
2022-02-13:10:24:16IST * 1 * information * 0x558fbb62f950 * KIM_LogImplementation.cpp:242 * Log object renamed.  ID changed to '0_Model_0x558fbb62f950'.
2022-02-13:10:24:16IST * 2 * information * 0_Model_0x558fbb62f950 * KIM_LogImplementation.cpp:246 * Log object renamed.  ID changed from '0x558fbb62f950'.
2022-02-13:10:24:16IST * 3 * information * 0_Model_0x558fbb62f950 * Morse_Shifted.c:1040 * Register call back supportStatus
2022-02-13:10:24:16IST * 4 * information * 0_Model_0x558fbb62f950 * KIM_LogImplementation.cpp:242 * Log object renamed.  ID changed to '0_ComputeArguments'.
2022-02-13:10:24:16IST * 5 * information * 0_ComputeArguments * KIM_LogImplementation.cpp:246 * Log object renamed.  ID changed from '0_Model_0x558fbb62f950'.
2022-02-13:10:24:55IST * 0 * information * 0_ComputeArguments * KIM_LogImplementation.cpp:120 * Log object destroyed.
2022-02-13:10:24:55IST * 0 * information * 0_Model * Morse_Shifted.c:989 * Deallocating Model buffer
2022-02-13:10:24:55IST * 1 * information * 0_Model * KIM_LogImplementation.cpp:120 * Log object destroyed.
2022-02-13:10:24:55IST * 0 * information * 0x558fbb6da2d0 * KIM_LogImplementation.cpp:110 * Log object created.  Default verbosity level is 'information'.
2022-02-13:10:24:55IST * 0 * information * 0x558fbb9077e0 * KIM_LogImplementation.cpp:110 * Log object created.  Default verbosity level is 'information'.
2022-02-13:10:24:55IST * 1 * information * 0x558fbb9077e0 * KIM_LogImplementation.cpp:242 * Log object renamed.  ID changed to '0x558fbb6da2d0_Collections'.
2022-02-13:10:24:55IST * 2 * information * 0x558fbb6da2d0_Collections * KIM_LogImplementation.cpp:246 * Log object renamed.  ID changed from '0x558fbb9077e0'.
2022-02-13:10:24:55IST * 1 * warning * 0x558fbb6da2d0 * KIM_ModelImplementation.cpp:874 * Use of the GetParameterFileName(0, 0x7ffc23864240). function is deprecated. Please use GetParameterFileBasename() instead.
2022-02-13:10:24:55IST * 2 * information * 0x558fbb6da2d0 * Morse_Shifted.c:759 * Setting units
2022-02-13:10:24:55IST * 3 * information * 0x558fbb6da2d0 * Morse_Shifted.c:769 * Setting particle indexing to zero-based
2022-02-13:10:24:55IST * 4 * information * 0x558fbb6da2d0 * Morse_Shifted.c:779 * Registering Model function pointers
2022-02-13:10:24:55IST * 5 * information * 0x558fbb6da2d0 * Morse_Shifted.c:822 * Setting species code
2022-02-13:10:24:55IST * 6 * information * 0x558fbb6da2d0 * Morse_Shifted.c:834 * Allocating memory for Model buffer
2022-02-13:10:24:55IST * 7 * information * 0x558fbb6da2d0 * Morse_Shifted.c:844 * Registering Model buffer
2022-02-13:10:24:55IST * 8 * information * 0x558fbb6da2d0 * Morse_Shifted.c:849 * Loading Model parameters into buffer
2022-02-13:10:24:55IST * 9 * information * 0x558fbb6da2d0 * Morse_Shifted.c:872 * Registering influence distance pointer
2022-02-13:10:24:55IST * 10 * information * 0x558fbb6da2d0 * Morse_Shifted.c:877 * Registering cutoff pointer
2022-02-13:10:24:55IST * 11 * information * 0x558fbb6da2d0 * Morse_Shifted.c:887 * Registering Model parameters
2022-02-13:10:24:55IST * 12 * error * 0x558fbb6da2d0 * KIM_SharedLibrary.cpp:348 * SharedLibrary not open.
2022-02-13:10:24:55IST * 3 * information * 0x558fbb6da2d0_Collections * KIM_LogImplementation.cpp:120 * Log object destroyed.
2022-02-13:10:24:55IST * 13 * information * 0x558fbb6da2d0 * KIM_LogImplementation.cpp:242 * Log object renamed.  ID changed to '0_Model'.
2022-02-13:10:24:55IST * 14 * information * 0_Model * KIM_LogImplementation.cpp:246 * Log object renamed.  ID changed from '0x558fbb6da2d0'.
2022-02-13:10:24:55IST * 0 * information * 0x558fbb9077e0 * KIM_LogImplementation.cpp:110 * Log object created.  Default verbosity level is 'information'.
2022-02-13:10:24:55IST * 1 * information * 0x558fbb9077e0 * KIM_LogImplementation.cpp:242 * Log object renamed.  ID changed to '0_Model_0x558fbb9077e0'.
2022-02-13:10:24:55IST * 2 * information * 0_Model_0x558fbb9077e0 * KIM_LogImplementation.cpp:246 * Log object renamed.  ID changed from '0x558fbb9077e0'.
2022-02-13:10:24:55IST * 3 * information * 0_Model_0x558fbb9077e0 * Morse_Shifted.c:1040 * Register call back supportStatus
2022-02-13:10:24:55IST * 4 * information * 0_Model_0x558fbb9077e0 * KIM_LogImplementation.cpp:242 * Log object renamed.  ID changed to '0_ComputeArguments'.
2022-02-13:10:24:55IST * 5 * information * 0_ComputeArguments * KIM_LogImplementation.cpp:246 * Log object renamed.  ID changed from '0_Model_0x558fbb9077e0'.
2022-02-13:10:25:34IST * 0 * information * 0_ComputeArguments * KIM_LogImplementation.cpp:120 * Log object destroyed.
2022-02-13:10:25:34IST * 0 * information * 0_Model * Morse_Shifted.c:989 * Deallocating Model buffer
2022-02-13:10:25:34IST * 1 * information * 0_Model * KIM_LogImplementation.cpp:120 * Log object destroyed.
2022-02-13:10:25:34IST * 0 * information * 0x558fbb6dd1c0 * KIM_LogImplementation.cpp:110 * Log object created.  Default verbosity level is 'information'.
2022-02-13:10:25:34IST * 0 * information * 0x558fbb8a3f00 * KIM_LogImplementation.cpp:110 * Log object created.  Default verbosity level is 'information'.
2022-02-13:10:25:34IST * 1 * information * 0x558fbb8a3f00 * KIM_LogImplementation.cpp:242 * Log object renamed.  ID changed to '0x558fbb6dd1c0_Collections'.
2022-02-13:10:25:34IST * 2 * information * 0x558fbb6dd1c0_Collections * KIM_LogImplementation.cpp:246 * Log object renamed.  ID changed from '0x558fbb8a3f00'.
2022-02-13:10:25:34IST * 1 * warning * 0x558fbb6dd1c0 * KIM_ModelImplementation.cpp:874 * Use of the GetParameterFileName(0, 0x7ffc23864240). function is deprecated. Please use GetParameterFileBasename() instead.
2022-02-13:10:25:34IST * 2 * information * 0x558fbb6dd1c0 * Morse_Shifted.c:759 * Setting units
2022-02-13:10:25:34IST * 3 * information * 0x558fbb6dd1c0 * Morse_Shifted.c:769 * Setting particle indexing to zero-based
2022-02-13:10:25:34IST * 4 * information * 0x558fbb6dd1c0 * Morse_Shifted.c:779 * Registering Model function pointers
2022-02-13:10:25:34IST * 5 * information * 0x558fbb6dd1c0 * Morse_Shifted.c:822 * Setting species code
2022-02-13:10:25:34IST * 6 * information * 0x558fbb6dd1c0 * Morse_Shifted.c:834 * Allocating memory for Model buffer
2022-02-13:10:25:34IST * 7 * information * 0x558fbb6dd1c0 * Morse_Shifted.c:844 * Registering Model buffer
2022-02-13:10:25:34IST * 8 * information * 0x558fbb6dd1c0 * Morse_Shifted.c:849 * Loading Model parameters into buffer
2022-02-13:10:25:34IST * 9 * information * 0x558fbb6dd1c0 * Morse_Shifted.c:872 * Registering influence distance pointer
2022-02-13:10:25:34IST * 10 * information * 0x558fbb6dd1c0 * Morse_Shifted.c:877 * Registering cutoff pointer
2022-02-13:10:25:34IST * 11 * information * 0x558fbb6dd1c0 * Morse_Shifted.c:887 * Registering Model parameters
2022-02-13:10:25:34IST * 12 * error * 0x558fbb6dd1c0 * KIM_SharedLibrary.cpp:348 * SharedLibrary not open.
2022-02-13:10:25:34IST * 3 * information * 0x558fbb6dd1c0_Collections * KIM_LogImplementation.cpp:120 * Log object destroyed.
2022-02-13:10:25:34IST * 13 * information * 0x558fbb6dd1c0 * KIM_LogImplementation.cpp:242 * Log object renamed.  ID changed to '0_Model'.
2022-02-13:10:25:34IST * 14 * information * 0_Model * KIM_LogImplementation.cpp:246 * Log object renamed.  ID changed from '0x558fbb6dd1c0'.
2022-02-13:10:25:34IST * 0 * information * 0x558fbb8a3f00 * KIM_LogImplementation.cpp:110 * Log object created.  Default verbosity level is 'information'.
2022-02-13:10:25:34IST * 1 * information * 0x558fbb8a3f00 * KIM_LogImplementation.cpp:242 * Log object renamed.  ID changed to '0_Model_0x558fbb8a3f00'.
2022-02-13:10:25:34IST * 2 * information * 0_Model_0x558fbb8a3f00 * KIM_LogImplementation.cpp:246 * Log object renamed.  ID changed from '0x558fbb8a3f00'.
2022-02-13:10:25:34IST * 3 * information * 0_Model_0x558fbb8a3f00 * Morse_Shifted.c:1040 * Register call back supportStatus
2022-02-13:10:25:34IST * 4 * information * 0_Model_0x558fbb8a3f00 * KIM_LogImplementation.cpp:242 * Log object renamed.  ID changed to '0_ComputeArguments'.
2022-02-13:10:25:34IST * 5 * information * 0_ComputeArguments * KIM_LogImplementation.cpp:246 * Log object renamed.  ID changed from '0_Model_0x558fbb8a3f00'.
2022-02-13:10:26:15IST * 0 * information * 0_ComputeArguments * KIM_LogImplementation.cpp:120 * Log object destroyed.
2022-02-13:10:26:15IST * 0 * information * 0_Model * Morse_Shifted.c:989 * Deallocating Model buffer
2022-02-13:10:26:15IST * 1 * information * 0_Model * KIM_LogImplementation.cpp:120 * Log object destroyed.
2022-02-13:10:26:15IST * 0 * information * 0x558fbb62f950 * KIM_LogImplementation.cpp:110 * Log object created.  Default verbosity level is 'information'.
2022-02-13:10:26:15IST * 0 * information * 0x558fbb905560 * KIM_LogImplementation.cpp:110 * Log object created.  Default verbosity level is 'information'.
2022-02-13:10:26:15IST * 1 * information * 0x558fbb905560 * KIM_LogImplementation.cpp:242 * Log object renamed.  ID changed to '0x558fbb62f950_Collections'.
2022-02-13:10:26:15IST * 2 * information * 0x558fbb62f950_Collections * KIM_LogImplementation.cpp:246 * Log object renamed.  ID changed from '0x558fbb905560'.
2022-02-13:10:26:15IST * 1 * warning * 0x558fbb62f950 * KIM_ModelImplementation.cpp:874 * Use of the GetParameterFileName(0, 0x7ffc23864240). function is deprecated. Please use GetParameterFileBasename() instead.
2022-02-13:10:26:15IST * 2 * information * 0x558fbb62f950 * Morse_Shifted.c:759 * Setting units
2022-02-13:10:26:15IST * 3 * information * 0x558fbb62f950 * Morse_Shifted.c:769 * Setting particle indexing to zero-based
2022-02-13:10:26:15IST * 4 * information * 0x558fbb62f950 * Morse_Shifted.c:779 * Registering Model function pointers
2022-02-13:10:26:15IST * 5 * information * 0x558fbb62f950 * Morse_Shifted.c:822 * Setting species code
2022-02-13:10:26:15IST * 6 * information * 0x558fbb62f950 * Morse_Shifted.c:834 * Allocating memory for Model buffer
2022-02-13:10:26:15IST * 7 * information * 0x558fbb62f950 * Morse_Shifted.c:844 * Registering Model buffer
2022-02-13:10:26:15IST * 8 * information * 0x558fbb62f950 * Morse_Shifted.c:849 * Loading Model parameters into buffer
2022-02-13:10:26:15IST * 9 * information * 0x558fbb62f950 * Morse_Shifted.c:872 * Registering influence distance pointer
2022-02-13:10:26:15IST * 10 * information * 0x558fbb62f950 * Morse_Shifted.c:877 * Registering cutoff pointer
2022-02-13:10:26:15IST * 11 * information * 0x558fbb62f950 * Morse_Shifted.c:887 * Registering Model parameters
2022-02-13:10:26:15IST * 12 * error * 0x558fbb62f950 * KIM_SharedLibrary.cpp:348 * SharedLibrary not open.
2022-02-13:10:26:15IST * 3 * information * 0x558fbb62f950_Collections * KIM_LogImplementation.cpp:120 * Log object destroyed.
2022-02-13:10:26:15IST * 13 * information * 0x558fbb62f950 * KIM_LogImplementation.cpp:242 * Log object renamed.  ID changed to '0_Model'.
2022-02-13:10:26:15IST * 14 * information * 0_Model * KIM_LogImplementation.cpp:246 * Log object renamed.  ID changed from '0x558fbb62f950'.
2022-02-13:10:26:15IST * 0 * information * 0x558fbb905560 * KIM_LogImplementation.cpp:110 * Log object created.  Default verbosity level is 'information'.
2022-02-13:10:26:15IST * 1 * information * 0x558fbb905560 * KIM_LogImplementation.cpp:242 * Log object renamed.  ID changed to '0_Model_0x558fbb905560'.
2022-02-13:10:26:15IST * 2 * information * 0_Model_0x558fbb905560 * KIM_LogImplementation.cpp:246 * Log object renamed.  ID changed from '0x558fbb905560'.
2022-02-13:10:26:15IST * 3 * information * 0_Model_0x558fbb905560 * Morse_Shifted.c:1040 * Register call back supportStatus
2022-02-13:10:26:15IST * 4 * information * 0_Model_0x558fbb905560 * KIM_LogImplementation.cpp:242 * Log object renamed.  ID changed to '0_ComputeArguments'.
2022-02-13:10:26:15IST * 5 * information * 0_ComputeArguments * KIM_LogImplementation.cpp:246 * Log object renamed.  ID changed from '0_Model_0x558fbb905560'.
2022-02-13:10:26:52IST * 0 * information * 0_ComputeArguments * KIM_LogImplementation.cpp:120 * Log object destroyed.
2022-02-13:10:26:52IST * 0 * information * 0_Model * Morse_Shifted.c:989 * Deallocating Model buffer
2022-02-13:10:26:52IST * 1 * information * 0_Model * KIM_LogImplementation.cpp:120 * Log object destroyed.
2022-02-13:10:26:52IST * 0 * information * 0x558fbb9077e0 * KIM_LogImplementation.cpp:110 * Log object created.  Default verbosity level is 'information'.
2022-02-13:10:26:52IST * 0 * information * 0x558fbb8a3460 * KIM_LogImplementation.cpp:110 * Log object created.  Default verbosity level is 'information'.
2022-02-13:10:26:52IST * 1 * information * 0x558fbb8a3460 * KIM_LogImplementation.cpp:242 * Log object renamed.  ID changed to '0x558fbb9077e0_Collections'.
2022-02-13:10:26:52IST * 2 * information * 0x558fbb9077e0_Collections * KIM_LogImplementation.cpp:246 * Log object renamed.  ID changed from '0x558fbb8a3460'.
2022-02-13:10:26:52IST * 1 * warning * 0x558fbb9077e0 * KIM_ModelImplementation.cpp:874 * Use of the GetParameterFileName(0, 0x7ffc23864240). function is deprecated. Please use GetParameterFileBasename() instead.
2022-02-13:10:26:52IST * 2 * information * 0x558fbb9077e0 * Morse_Shifted.c:759 * Setting units
2022-02-13:10:26:52IST * 3 * information * 0x558fbb9077e0 * Morse_Shifted.c:769 * Setting particle indexing to zero-based
2022-02-13:10:26:52IST * 4 * information * 0x558fbb9077e0 * Morse_Shifted.c:779 * Registering Model function pointers
2022-02-13:10:26:52IST * 5 * information * 0x558fbb9077e0 * Morse_Shifted.c:822 * Setting species code
2022-02-13:10:26:52IST * 6 * information * 0x558fbb9077e0 * Morse_Shifted.c:834 * Allocating memory for Model buffer
2022-02-13:10:26:52IST * 7 * information * 0x558fbb9077e0 * Morse_Shifted.c:844 * Registering Model buffer
2022-02-13:10:26:52IST * 8 * information * 0x558fbb9077e0 * Morse_Shifted.c:849 * Loading Model parameters into buffer
2022-02-13:10:26:52IST * 9 * information * 0x558fbb9077e0 * Morse_Shifted.c:872 * Registering influence distance pointer
2022-02-13:10:26:52IST * 10 * information * 0x558fbb9077e0 * Morse_Shifted.c:877 * Registering cutoff pointer
2022-02-13:10:26:52IST * 11 * information * 0x558fbb9077e0 * Morse_Shifted.c:887 * Registering Model parameters
2022-02-13:10:26:52IST * 12 * error * 0x558fbb9077e0 * KIM_SharedLibrary.cpp:348 * SharedLibrary not open.
2022-02-13:10:26:52IST * 3 * information * 0x558fbb9077e0_Collections * KIM_LogImplementation.cpp:120 * Log object destroyed.
2022-02-13:10:26:52IST * 13 * information * 0x558fbb9077e0 * KIM_LogImplementation.cpp:242 * Log object renamed.  ID changed to '0_Model'.
2022-02-13:10:26:52IST * 14 * information * 0_Model * KIM_LogImplementation.cpp:246 * Log object renamed.  ID changed from '0x558fbb9077e0'.
2022-02-13:10:26:52IST * 0 * information * 0x558fbb8a3460 * KIM_LogImplementation.cpp:110 * Log object created.  Default verbosity level is 'information'.
2022-02-13:10:26:52IST * 1 * information * 0x558fbb8a3460 * KIM_LogImplementation.cpp:242 * Log object renamed.  ID changed to '0_Model_0x558fbb8a3460'.
2022-02-13:10:26:52IST * 2 * information * 0_Model_0x558fbb8a3460 * KIM_LogImplementation.cpp:246 * Log object renamed.  ID changed from '0x558fbb8a3460'.
2022-02-13:10:26:52IST * 3 * information * 0_Model_0x558fbb8a3460 * Morse_Shifted.c:1040 * Register call back supportStatus
2022-02-13:10:26:52IST * 4 * information * 0_Model_0x558fbb8a3460 * KIM_LogImplementation.cpp:242 * Log object renamed.  ID changed to '0_ComputeArguments'.
2022-02-13:10:26:52IST * 5 * information * 0_ComputeArguments * KIM_LogImplementation.cpp:246 * Log object renamed.  ID changed from '0_Model_0x558fbb8a3460'.
2022-02-13:10:27:28IST * 0 * information * 0_ComputeArguments * KIM_LogImplementation.cpp:120 * Log object destroyed.
2022-02-13:10:27:28IST * 0 * information * 0_Model * Morse_Shifted.c:989 * Deallocating Model buffer
2022-02-13:10:27:28IST * 1 * information * 0_Model * KIM_LogImplementation.cpp:120 * Log object destroyed.
2022-02-13:10:27:28IST * 0 * information * 0x558fbb8a3f00 * KIM_LogImplementation.cpp:110 * Log object created.  Default verbosity level is 'information'.
2022-02-13:10:27:28IST * 0 * information * 0x558fbb9b9590 * KIM_LogImplementation.cpp:110 * Log object created.  Default verbosity level is 'information'.
2022-02-13:10:27:28IST * 1 * information * 0x558fbb9b9590 * KIM_LogImplementation.cpp:242 * Log object renamed.  ID changed to '0x558fbb8a3f00_Collections'.
2022-02-13:10:27:28IST * 2 * information * 0x558fbb8a3f00_Collections * KIM_LogImplementation.cpp:246 * Log object renamed.  ID changed from '0x558fbb9b9590'.
2022-02-13:10:27:28IST * 1 * warning * 0x558fbb8a3f00 * KIM_ModelImplementation.cpp:874 * Use of the GetParameterFileName(0, 0x7ffc23864240). function is deprecated. Please use GetParameterFileBasename() instead.
2022-02-13:10:27:28IST * 2 * information * 0x558fbb8a3f00 * Morse_Shifted.c:759 * Setting units
2022-02-13:10:27:28IST * 3 * information * 0x558fbb8a3f00 * Morse_Shifted.c:769 * Setting particle indexing to zero-based
2022-02-13:10:27:28IST * 4 * information * 0x558fbb8a3f00 * Morse_Shifted.c:779 * Registering Model function pointers
2022-02-13:10:27:28IST * 5 * information * 0x558fbb8a3f00 * Morse_Shifted.c:822 * Setting species code
2022-02-13:10:27:28IST * 6 * information * 0x558fbb8a3f00 * Morse_Shifted.c:834 * Allocating memory for Model buffer
2022-02-13:10:27:28IST * 7 * information * 0x558fbb8a3f00 * Morse_Shifted.c:844 * Registering Model buffer
2022-02-13:10:27:28IST * 8 * information * 0x558fbb8a3f00 * Morse_Shifted.c:849 * Loading Model parameters into buffer
2022-02-13:10:27:28IST * 9 * information * 0x558fbb8a3f00 * Morse_Shifted.c:872 * Registering influence distance pointer
2022-02-13:10:27:28IST * 10 * information * 0x558fbb8a3f00 * Morse_Shifted.c:877 * Registering cutoff pointer
2022-02-13:10:27:28IST * 11 * information * 0x558fbb8a3f00 * Morse_Shifted.c:887 * Registering Model parameters
2022-02-13:10:27:28IST * 12 * error * 0x558fbb8a3f00 * KIM_SharedLibrary.cpp:348 * SharedLibrary not open.
2022-02-13:10:27:28IST * 3 * information * 0x558fbb8a3f00_Collections * KIM_LogImplementation.cpp:120 * Log object destroyed.
2022-02-13:10:27:28IST * 13 * information * 0x558fbb8a3f00 * KIM_LogImplementation.cpp:242 * Log object renamed.  ID changed to '0_Model'.
2022-02-13:10:27:28IST * 14 * information * 0_Model * KIM_LogImplementation.cpp:246 * Log object renamed.  ID changed from '0x558fbb8a3f00'.
2022-02-13:10:27:28IST * 0 * information * 0x558fbb9b9590 * KIM_LogImplementation.cpp:110 * Log object created.  Default verbosity level is 'information'.
2022-02-13:10:27:28IST * 1 * information * 0x558fbb9b9590 * KIM_LogImplementation.cpp:242 * Log object renamed.  ID changed to '0_Model_0x558fbb9b9590'.
2022-02-13:10:27:28IST * 2 * information * 0_Model_0x558fbb9b9590 * KIM_LogImplementation.cpp:246 * Log object renamed.  ID changed from '0x558fbb9b9590'.
2022-02-13:10:27:28IST * 3 * information * 0_Model_0x558fbb9b9590 * Morse_Shifted.c:1040 * Register call back supportStatus
2022-02-13:10:27:28IST * 4 * information * 0_Model_0x558fbb9b9590 * KIM_LogImplementation.cpp:242 * Log object renamed.  ID changed to '0_ComputeArguments'.
2022-02-13:10:27:28IST * 5 * information * 0_ComputeArguments * KIM_LogImplementation.cpp:246 * Log object renamed.  ID changed from '0_Model_0x558fbb9b9590'.
2022-02-13:10:28:05IST * 0 * information * 0_ComputeArguments * KIM_LogImplementation.cpp:120 * Log object destroyed.
2022-02-13:10:28:05IST * 0 * information * 0_Model * Morse_Shifted.c:989 * Deallocating Model buffer
2022-02-13:10:28:05IST * 1 * information * 0_Model * KIM_LogImplementation.cpp:120 * Log object destroyed.
2022-02-13:10:28:05IST * 0 * information * 0x558fbb905560 * KIM_LogImplementation.cpp:110 * Log object created.  Default verbosity level is 'information'.
2022-02-13:10:28:05IST * 0 * information * 0x558fbb623a60 * KIM_LogImplementation.cpp:110 * Log object created.  Default verbosity level is 'information'.
2022-02-13:10:28:05IST * 1 * information * 0x558fbb623a60 * KIM_LogImplementation.cpp:242 * Log object renamed.  ID changed to '0x558fbb905560_Collections'.
2022-02-13:10:28:05IST * 2 * information * 0x558fbb905560_Collections * KIM_LogImplementation.cpp:246 * Log object renamed.  ID changed from '0x558fbb623a60'.
2022-02-13:10:28:05IST * 1 * warning * 0x558fbb905560 * KIM_ModelImplementation.cpp:874 * Use of the GetParameterFileName(0, 0x7ffc23864240). function is deprecated. Please use GetParameterFileBasename() instead.
2022-02-13:10:28:05IST * 2 * information * 0x558fbb905560 * Morse_Shifted.c:759 * Setting units
2022-02-13:10:28:05IST * 3 * information * 0x558fbb905560 * Morse_Shifted.c:769 * Setting particle indexing to zero-based
2022-02-13:10:28:05IST * 4 * information * 0x558fbb905560 * Morse_Shifted.c:779 * Registering Model function pointers
2022-02-13:10:28:05IST * 5 * information * 0x558fbb905560 * Morse_Shifted.c:822 * Setting species code
2022-02-13:10:28:05IST * 6 * information * 0x558fbb905560 * Morse_Shifted.c:834 * Allocating memory for Model buffer
2022-02-13:10:28:05IST * 7 * information * 0x558fbb905560 * Morse_Shifted.c:844 * Registering Model buffer
2022-02-13:10:28:05IST * 8 * information * 0x558fbb905560 * Morse_Shifted.c:849 * Loading Model parameters into buffer
2022-02-13:10:28:05IST * 9 * information * 0x558fbb905560 * Morse_Shifted.c:872 * Registering influence distance pointer
2022-02-13:10:28:05IST * 10 * information * 0x558fbb905560 * Morse_Shifted.c:877 * Registering cutoff pointer
2022-02-13:10:28:05IST * 11 * information * 0x558fbb905560 * Morse_Shifted.c:887 * Registering Model parameters
2022-02-13:10:28:05IST * 12 * error * 0x558fbb905560 * KIM_SharedLibrary.cpp:348 * SharedLibrary not open.
2022-02-13:10:28:05IST * 3 * information * 0x558fbb905560_Collections * KIM_LogImplementation.cpp:120 * Log object destroyed.
2022-02-13:10:28:05IST * 13 * information * 0x558fbb905560 * KIM_LogImplementation.cpp:242 * Log object renamed.  ID changed to '0_Model'.
2022-02-13:10:28:05IST * 14 * information * 0_Model * KIM_LogImplementation.cpp:246 * Log object renamed.  ID changed from '0x558fbb905560'.
2022-02-13:10:28:05IST * 0 * information * 0x558fbb623a60 * KIM_LogImplementation.cpp:110 * Log object created.  Default verbosity level is 'information'.
2022-02-13:10:28:05IST * 1 * information * 0x558fbb623a60 * KIM_LogImplementation.cpp:242 * Log object renamed.  ID changed to '0_Model_0x558fbb623a60'.
2022-02-13:10:28:05IST * 2 * information * 0_Model_0x558fbb623a60 * KIM_LogImplementation.cpp:246 * Log object renamed.  ID changed from '0x558fbb623a60'.
2022-02-13:10:28:05IST * 3 * information * 0_Model_0x558fbb623a60 * Morse_Shifted.c:1040 * Register call back supportStatus
2022-02-13:10:28:05IST * 4 * information * 0_Model_0x558fbb623a60 * KIM_LogImplementation.cpp:242 * Log object renamed.  ID changed to '0_ComputeArguments'.
2022-02-13:10:28:05IST * 5 * information * 0_ComputeArguments * KIM_LogImplementation.cpp:246 * Log object renamed.  ID changed from '0_Model_0x558fbb623a60'.
2022-02-13:10:28:37IST * 0 * information * 0_ComputeArguments * KIM_LogImplementation.cpp:120 * Log object destroyed.
2022-02-13:10:28:37IST * 0 * information * 0_Model * Morse_Shifted.c:989 * Deallocating Model buffer
2022-02-13:10:28:37IST * 1 * information * 0_Model * KIM_LogImplementation.cpp:120 * Log object destroyed.
2022-02-13:10:28:37IST * 0 * information * 0x558fbb8a3460 * KIM_LogImplementation.cpp:110 * Log object created.  Default verbosity level is 'information'.
2022-02-13:10:28:37IST * 0 * information * 0x558fbb905380 * KIM_LogImplementation.cpp:110 * Log object created.  Default verbosity level is 'information'.
2022-02-13:10:28:37IST * 1 * information * 0x558fbb905380 * KIM_LogImplementation.cpp:242 * Log object renamed.  ID changed to '0x558fbb8a3460_Collections'.
2022-02-13:10:28:37IST * 2 * information * 0x558fbb8a3460_Collections * KIM_LogImplementation.cpp:246 * Log object renamed.  ID changed from '0x558fbb905380'.
2022-02-13:10:28:37IST * 1 * warning * 0x558fbb8a3460 * KIM_ModelImplementation.cpp:874 * Use of the GetParameterFileName(0, 0x7ffc23864240). function is deprecated. Please use GetParameterFileBasename() instead.
2022-02-13:10:28:37IST * 2 * information * 0x558fbb8a3460 * Morse_Shifted.c:759 * Setting units
2022-02-13:10:28:37IST * 3 * information * 0x558fbb8a3460 * Morse_Shifted.c:769 * Setting particle indexing to zero-based
2022-02-13:10:28:37IST * 4 * information * 0x558fbb8a3460 * Morse_Shifted.c:779 * Registering Model function pointers
2022-02-13:10:28:37IST * 5 * information * 0x558fbb8a3460 * Morse_Shifted.c:822 * Setting species code
2022-02-13:10:28:37IST * 6 * information * 0x558fbb8a3460 * Morse_Shifted.c:834 * Allocating memory for Model buffer
2022-02-13:10:28:37IST * 7 * information * 0x558fbb8a3460 * Morse_Shifted.c:844 * Registering Model buffer
2022-02-13:10:28:37IST * 8 * information * 0x558fbb8a3460 * Morse_Shifted.c:849 * Loading Model parameters into buffer
2022-02-13:10:28:37IST * 9 * information * 0x558fbb8a3460 * Morse_Shifted.c:872 * Registering influence distance pointer
2022-02-13:10:28:37IST * 10 * information * 0x558fbb8a3460 * Morse_Shifted.c:877 * Registering cutoff pointer
2022-02-13:10:28:37IST * 11 * information * 0x558fbb8a3460 * Morse_Shifted.c:887 * Registering Model parameters
2022-02-13:10:28:37IST * 12 * error * 0x558fbb8a3460 * KIM_SharedLibrary.cpp:348 * SharedLibrary not open.
2022-02-13:10:28:37IST * 3 * information * 0x558fbb8a3460_Collections * KIM_LogImplementation.cpp:120 * Log object destroyed.
2022-02-13:10:28:37IST * 13 * information * 0x558fbb8a3460 * KIM_LogImplementation.cpp:242 * Log object renamed.  ID changed to '0_Model'.
2022-02-13:10:28:37IST * 14 * information * 0_Model * KIM_LogImplementation.cpp:246 * Log object renamed.  ID changed from '0x558fbb8a3460'.
2022-02-13:10:28:37IST * 0 * information * 0x558fbb905380 * KIM_LogImplementation.cpp:110 * Log object created.  Default verbosity level is 'information'.
2022-02-13:10:28:37IST * 1 * information * 0x558fbb905380 * KIM_LogImplementation.cpp:242 * Log object renamed.  ID changed to '0_Model_0x558fbb905380'.
2022-02-13:10:28:37IST * 2 * information * 0_Model_0x558fbb905380 * KIM_LogImplementation.cpp:246 * Log object renamed.  ID changed from '0x558fbb905380'.
2022-02-13:10:28:37IST * 3 * information * 0_Model_0x558fbb905380 * Morse_Shifted.c:1040 * Register call back supportStatus
2022-02-13:10:28:37IST * 4 * information * 0_Model_0x558fbb905380 * KIM_LogImplementation.cpp:242 * Log object renamed.  ID changed to '0_ComputeArguments'.
2022-02-13:10:28:37IST * 5 * information * 0_ComputeArguments * KIM_LogImplementation.cpp:246 * Log object renamed.  ID changed from '0_Model_0x558fbb905380'.
2022-02-13:10:29:07IST * 0 * information * 0_ComputeArguments * KIM_LogImplementation.cpp:120 * Log object destroyed.
2022-02-13:10:29:07IST * 0 * information * 0_Model * Morse_Shifted.c:989 * Deallocating Model buffer
2022-02-13:10:29:07IST * 1 * information * 0_Model * KIM_LogImplementation.cpp:120 * Log object destroyed.
